---------------- Environment Info ----------------
CUDA Version: nvcc: NVIDIA (R) Cuda compiler driver
Copyright (c) 2005-2023 NVIDIA Corporation
Built on Tue_Aug_15_22:02:13_PDT_2023
Cuda compilation tools, release 12.2, V12.2.140
Build cuda_12.2.r12.2/compiler.33191640_0
Python Version: Python 3.12.4
GPU Device: GPU 0: NVIDIA H100 80GB HBM3 (UUID: GPU-3bfd94ce-4b52-b64a-71ad-057fe5ae77dc)
Model forward phase: train
Using dataset: plate_dis_high
Using model: DCON
成功使用h5py加载v7.3格式的mat文件
可用变量: ['f_bc_test', 'f_bc_train', 'flag_BC_load', 'flag_BCxy', 'flag_BCy', 'stressX_test', 'stressX_train', 'stressY_test', 'stressY_train', 'ux_test', 'ux_train', 'uy_test', 'uy_train', 'xx', 'yy']
ux_train 形状: (1900, 1048)
uy_train 形状: (1900, 1048)
ux_test 形状: (100, 1048)
uy_test 形状: (100, 1048)
f_bc_train 形状: (1900, 101)
f_bc_test 形状: (100, 101)
xx 形状: (1048, 1)
yy 形状: (1048, 1)
flag_BCxy 形状: (1048, 1)
flag_BCy 形状: (1048, 1)
flag_BC_load 形状: (1048, 1)
找到 33 个加载边界节点
数据集信息:
  训练样本数: 1900
  测试样本数: 100
  总节点数: 1048
  边界节点数: 33
  坐标形状: (1048, 2)
  ux_train形状: (1900, 1048)
  f_bc_train形状: (1900, 101)
警告: f_bc长度101与边界节点数33不匹配
警告: f_bc长度101与边界节点数33不匹配
警告: f_bc长度101与边界节点数33不匹配
警告: f_bc长度101与边界节点数33不匹配
警告: f_bc长度101与边界节点数33不匹配
警告: f_bc长度101与边界节点数33不匹配
警告: f_bc长度101与边界节点数33不匹配
警告: f_bc长度101与边界节点数33不匹配
警告: f_bc长度101与边界节点数33不匹配
警告: f_bc长度101与边界节点数33不匹配
警告: f_bc长度101与边界节点数33不匹配
警告: f_bc长度101与边界节点数33不匹配
警告: f_bc长度101与边界节点数33不匹配
警告: f_bc长度101与边界节点数33不匹配
警告: f_bc长度101与边界节点数33不匹配
警告: f_bc长度101与边界节点数33不匹配
警告: f_bc长度101与边界节点数33不匹配
警告: f_bc长度101与边界节点数33不匹配
警告: f_bc长度101与边界节点数33不匹配
警告: f_bc长度101与边界节点数33不匹配
警告: f_bc长度101与边界节点数33不匹配
警告: f_bc长度101与边界节点数33不匹配
警告: f_bc长度101与边界节点数33不匹配
警告: f_bc长度101与边界节点数33不匹配
警告: f_bc长度101与边界节点数33不匹配
警告: f_bc长度101与边界节点数33不匹配
警告: f_bc长度101与边界节点数33不匹配
警告: f_bc长度101与边界节点数33不匹配
警告: f_bc长度101与边界节点数33不匹配
警告: f_bc长度101与边界节点数33不匹配
警告: f_bc长度101与边界节点数33不匹配
警告: f_bc长度101与边界节点数33不匹配
警告: f_bc长度101与边界节点数33不匹配
警告: f_bc长度101与边界节点数33不匹配
警告: f_bc长度101与边界节点数33不匹配
警告: f_bc长度101与边界节点数33不匹配
警告: f_bc长度101与边界节点数33不匹配
警告: f_bc长度101与边界节点数33不匹配
警告: f_bc长度101与边界节点数33不匹配
警告: f_bc长度101与边界节点数33不匹配
警告: f_bc长度101与边界节点数33不匹配
警告: f_bc长度101与边界节点数33不匹配
警告: f_bc长度101与边界节点数33不匹配
警告: f_bc长度101与边界节点数33不匹配
警告: f_bc长度101与边界节点数33不匹配
警告: f_bc长度101与边界节点数33不匹配
警告: f_bc长度101与边界节点数33不匹配
警告: f_bc长度101与边界节点数33不匹配
警告: f_bc长度101与边界节点数33不匹配
警告: f_bc长度101与边界节点数33不匹配
警告: f_bc长度101与边界节点数33不匹配
警告: f_bc长度101与边界节点数33不匹配
警告: f_bc长度101与边界节点数33不匹配
警告: f_bc长度101与边界节点数33不匹配
警告: f_bc长度101与边界节点数33不匹配
警告: f_bc长度101与边界节点数33不匹配
警告: f_bc长度101与边界节点数33不匹配
警告: f_bc长度101与边界节点数33不匹配
警告: f_bc长度101与边界节点数33不匹配
警告: f_bc长度101与边界节点数33不匹配
警告: f_bc长度101与边界节点数33不匹配
警告: f_bc长度101与边界节点数33不匹配
警告: f_bc长度101与边界节点数33不匹配
警告: f_bc长度101与边界节点数33不匹配
警告: f_bc长度101与边界节点数33不匹配
警告: f_bc长度101与边界节点数33不匹配
警告: f_bc长度101与边界节点数33不匹配
警告: f_bc长度101与边界节点数33不匹配
警告: f_bc长度101与边界节点数33不匹配
警告: f_bc长度101与边界节点数33不匹配
警告: f_bc长度101与边界节点数33不匹配
警告: f_bc长度101与边界节点数33不匹配
警告: f_bc长度101与边界节点数33不匹配
警告: f_bc长度101与边界节点数33不匹配
警告: f_bc长度101与边界节点数33不匹配
警告: f_bc长度101与边界节点数33不匹配
警告: f_bc长度101与边界节点数33不匹配
警告: f_bc长度101与边界节点数33不匹配
警告: f_bc长度101与边界节点数33不匹配
警告: f_bc长度101与边界节点数33不匹配
警告: f_bc长度101与边界节点数33不匹配
警告: f_bc长度101与边界节点数33不匹配
警告: f_bc长度101与边界节点数33不匹配
警告: f_bc长度101与边界节点数33不匹配
警告: f_bc长度101与边界节点数33不匹配
警告: f_bc长度101与边界节点数33不匹配
警告: f_bc长度101与边界节点数33不匹配
警告: f_bc长度101与边界节点数33不匹配
警告: f_bc长度101与边界节点数33不匹配
警告: f_bc长度101与边界节点数33不匹配
警告: f_bc长度101与边界节点数33不匹配
警告: f_bc长度101与边界节点数33不匹配
警告: f_bc长度101与边界节点数33不匹配
警告: f_bc长度101与边界节点数33不匹配
警告: f_bc长度101与边界节点数33不匹配
警告: f_bc长度101与边界节点数33不匹配
警告: f_bc长度101与边界节点数33不匹配
警告: f_bc长度101与边界节点数33不匹配
警告: f_bc长度101与边界节点数33不匹配
警告: f_bc长度101与边界节点数33不匹配
警告: f_bc长度101与边界节点数33不匹配
警告: f_bc长度101与边界节点数33不匹配
警告: f_bc长度101与边界节点数33不匹配
警告: f_bc长度101与边界节点数33不匹配
警告: f_bc长度101与边界节点数33不匹配
警告: f_bc长度101与边界节点数33不匹配
警告: f_bc长度101与边界节点数33不匹配
警告: f_bc长度101与边界节点数33不匹配
警告: f_bc长度101与边界节点数33不匹配
警告: f_bc长度101与边界节点数33不匹配
警告: f_bc长度101与边界节点数33不匹配
警告: f_bc长度101与边界节点数33不匹配
警告: f_bc长度101与边界节点数33不匹配
警告: f_bc长度101与边界节点数33不匹配
警告: f_bc长度101与边界节点数33不匹配
警告: f_bc长度101与边界节点数33不匹配
警告: f_bc长度101与边界节点数33不匹配
警告: f_bc长度101与边界节点数33不匹配
警告: f_bc长度101与边界节点数33不匹配
警告: f_bc长度101与边界节点数33不匹配
警告: f_bc长度101与边界节点数33不匹配
警告: f_bc长度101与边界节点数33不匹配
警告: f_bc长度101与边界节点数33不匹配
警告: f_bc长度101与边界节点数33不匹配
警告: f_bc长度101与边界节点数33不匹配
警告: f_bc长度101与边界节点数33不匹配
警告: f_bc长度101与边界节点数33不匹配
警告: f_bc长度101与边界节点数33不匹配
警告: f_bc长度101与边界节点数33不匹配
警告: f_bc长度101与边界节点数33不匹配
警告: f_bc长度101与边界节点数33不匹配
警告: f_bc长度101与边界节点数33不匹配
警告: f_bc长度101与边界节点数33不匹配
警告: f_bc长度101与边界节点数33不匹配
警告: f_bc长度101与边界节点数33不匹配
警告: f_bc长度101与边界节点数33不匹配
警告: f_bc长度101与边界节点数33不匹配
警告: f_bc长度101与边界节点数33不匹配
警告: f_bc长度101与边界节点数33不匹配
警告: f_bc长度101与边界节点数33不匹配
警告: f_bc长度101与边界节点数33不匹配
警告: f_bc长度101与边界节点数33不匹配
警告: f_bc长度101与边界节点数33不匹配
警告: f_bc长度101与边界节点数33不匹配
警告: f_bc长度101与边界节点数33不匹配
警告: f_bc长度101与边界节点数33不匹配
警告: f_bc长度101与边界节点数33不匹配
警告: f_bc长度101与边界节点数33不匹配
警告: f_bc长度101与边界节点数33不匹配
警告: f_bc长度101与边界节点数33不匹配
警告: f_bc长度101与边界节点数33不匹配
警告: f_bc长度101与边界节点数33不匹配
警告: f_bc长度101与边界节点数33不匹配
警告: f_bc长度101与边界节点数33不匹配
警告: f_bc长度101与边界节点数33不匹配
警告: f_bc长度101与边界节点数33不匹配
警告: f_bc长度101与边界节点数33不匹配
警告: f_bc长度101与边界节点数33不匹配
警告: f_bc长度101与边界节点数33不匹配
警告: f_bc长度101与边界节点数33不匹配
警告: f_bc长度101与边界节点数33不匹配
警告: f_bc长度101与边界节点数33不匹配
警告: f_bc长度101与边界节点数33不匹配
警告: f_bc长度101与边界节点数33不匹配
警告: f_bc长度101与边界节点数33不匹配
警告: f_bc长度101与边界节点数33不匹配
警告: f_bc长度101与边界节点数33不匹配
警告: f_bc长度101与边界节点数33不匹配
警告: f_bc长度101与边界节点数33不匹配
警告: f_bc长度101与边界节点数33不匹配
警告: f_bc长度101与边界节点数33不匹配
警告: f_bc长度101与边界节点数33不匹配
警告: f_bc长度101与边界节点数33不匹配
警告: f_bc长度101与边界节点数33不匹配
警告: f_bc长度101与边界节点数33不匹配
警告: f_bc长度101与边界节点数33不匹配
警告: f_bc长度101与边界节点数33不匹配
警告: f_bc长度101与边界节点数33不匹配
警告: f_bc长度101与边界节点数33不匹配
警告: f_bc长度101与边界节点数33不匹配
警告: f_bc长度101与边界节点数33不匹配
警告: f_bc长度101与边界节点数33不匹配
警告: f_bc长度101与边界节点数33不匹配
警告: f_bc长度101与边界节点数33不匹配
警告: f_bc长度101与边界节点数33不匹配
警告: f_bc长度101与边界节点数33不匹配
警告: f_bc长度101与边界节点数33不匹配
警告: f_bc长度101与边界节点数33不匹配
警告: f_bc长度101与边界节点数33不匹配
警告: f_bc长度101与边界节点数33不匹配
警告: f_bc长度101与边界节点数33不匹配
警告: f_bc长度101与边界节点数33不匹配
警告: f_bc长度101与边界节点数33不匹配
警告: f_bc长度101与边界节点数33不匹配
警告: f_bc长度101与边界节点数33不匹配
警告: f_bc长度101与边界节点数33不匹配
警告: f_bc长度101与边界节点数33不匹配
警告: f_bc长度101与边界节点数33不匹配
警告: f_bc长度101与边界节点数33不匹配
警告: f_bc长度101与边界节点数33不匹配
警告: f_bc长度101与边界节点数33不匹配
警告: f_bc长度101与边界节点数33不匹配
警告: f_bc长度101与边界节点数33不匹配
警告: f_bc长度101与边界节点数33不匹配
警告: f_bc长度101与边界节点数33不匹配
警告: f_bc长度101与边界节点数33不匹配
警告: f_bc长度101与边界节点数33不匹配
警告: f_bc长度101与边界节点数33不匹配
警告: f_bc长度101与边界节点数33不匹配
警告: f_bc长度101与边界节点数33不匹配
警告: f_bc长度101与边界节点数33不匹配
警告: f_bc长度101与边界节点数33不匹配
警告: f_bc长度101与边界节点数33不匹配
警告: f_bc长度101与边界节点数33不匹配
警告: f_bc长度101与边界节点数33不匹配
警告: f_bc长度101与边界节点数33不匹配
警告: f_bc长度101与边界节点数33不匹配
警告: f_bc长度101与边界节点数33不匹配
警告: f_bc长度101与边界节点数33不匹配
警告: f_bc长度101与边界节点数33不匹配
警告: f_bc长度101与边界节点数33不匹配
警告: f_bc长度101与边界节点数33不匹配
警告: f_bc长度101与边界节点数33不匹配
警告: f_bc长度101与边界节点数33不匹配
警告: f_bc长度101与边界节点数33不匹配
警告: f_bc长度101与边界节点数33不匹配
警告: f_bc长度101与边界节点数33不匹配
警告: f_bc长度101与边界节点数33不匹配
警告: f_bc长度101与边界节点数33不匹配
警告: f_bc长度101与边界节点数33不匹配
警告: f_bc长度101与边界节点数33不匹配
警告: f_bc长度101与边界节点数33不匹配
警告: f_bc长度101与边界节点数33不匹配
警告: f_bc长度101与边界节点数33不匹配
警告: f_bc长度101与边界节点数33不匹配
警告: f_bc长度101与边界节点数33不匹配
警告: f_bc长度101与边界节点数33不匹配
警告: f_bc长度101与边界节点数33不匹配
警告: f_bc长度101与边界节点数33不匹配
警告: f_bc长度101与边界节点数33不匹配
警告: f_bc长度101与边界节点数33不匹配
警告: f_bc长度101与边界节点数33不匹配
警告: f_bc长度101与边界节点数33不匹配
警告: f_bc长度101与边界节点数33不匹配
警告: f_bc长度101与边界节点数33不匹配
警告: f_bc长度101与边界节点数33不匹配
警告: f_bc长度101与边界节点数33不匹配
警告: f_bc长度101与边界节点数33不匹配
警告: f_bc长度101与边界节点数33不匹配
警告: f_bc长度101与边界节点数33不匹配
警告: f_bc长度101与边界节点数33不匹配
警告: f_bc长度101与边界节点数33不匹配
警告: f_bc长度101与边界节点数33不匹配
警告: f_bc长度101与边界节点数33不匹配
警告: f_bc长度101与边界节点数33不匹配
警告: f_bc长度101与边界节点数33不匹配
警告: f_bc长度101与边界节点数33不匹配
警告: f_bc长度101与边界节点数33不匹配
警告: f_bc长度101与边界节点数33不匹配
警告: f_bc长度101与边界节点数33不匹配
警告: f_bc长度101与边界节点数33不匹配
警告: f_bc长度101与边界节点数33不匹配
警告: f_bc长度101与边界节点数33不匹配
警告: f_bc长度101与边界节点数33不匹配
警告: f_bc长度101与边界节点数33不匹配
警告: f_bc长度101与边界节点数33不匹配
警告: f_bc长度101与边界节点数33不匹配
警告: f_bc长度101与边界节点数33不匹配
警告: f_bc长度101与边界节点数33不匹配
警告: f_bc长度101与边界节点数33不匹配
警告: f_bc长度101与边界节点数33不匹配
警告: f_bc长度101与边界节点数33不匹配
警告: f_bc长度101与边界节点数33不匹配
警告: f_bc长度101与边界节点数33不匹配
警告: f_bc长度101与边界节点数33不匹配
警告: f_bc长度101与边界节点数33不匹配
警告: f_bc长度101与边界节点数33不匹配
警告: f_bc长度101与边界节点数33不匹配
警告: f_bc长度101与边界节点数33不匹配
警告: f_bc长度101与边界节点数33不匹配
警告: f_bc长度101与边界节点数33不匹配
警告: f_bc长度101与边界节点数33不匹配
警告: f_bc长度101与边界节点数33不匹配
警告: f_bc长度101与边界节点数33不匹配
警告: f_bc长度101与边界节点数33不匹配
警告: f_bc长度101与边界节点数33不匹配
警告: f_bc长度101与边界节点数33不匹配
警告: f_bc长度101与边界节点数33不匹配
警告: f_bc长度101与边界节点数33不匹配
警告: f_bc长度101与边界节点数33不匹配
警告: f_bc长度101与边界节点数33不匹配
警告: f_bc长度101与边界节点数33不匹配
警告: f_bc长度101与边界节点数33不匹配
警告: f_bc长度101与边界节点数33不匹配
警告: f_bc长度101与边界节点数33不匹配
警告: f_bc长度101与边界节点数33不匹配
警告: f_bc长度101与边界节点数33不匹配
警告: f_bc长度101与边界节点数33不匹配
警告: f_bc长度101与边界节点数33不匹配
警告: f_bc长度101与边界节点数33不匹配
警告: f_bc长度101与边界节点数33不匹配
警告: f_bc长度101与边界节点数33不匹配
警告: f_bc长度101与边界节点数33不匹配
警告: f_bc长度101与边界节点数33不匹配
警告: f_bc长度101与边界节点数33不匹配
警告: f_bc长度101与边界节点数33不匹配
警告: f_bc长度101与边界节点数33不匹配
警告: f_bc长度101与边界节点数33不匹配
警告: f_bc长度101与边界节点数33不匹配
警告: f_bc长度101与边界节点数33不匹配
警告: f_bc长度101与边界节点数33不匹配
警告: f_bc长度101与边界节点数33不匹配
警告: f_bc长度101与边界节点数33不匹配
警告: f_bc长度101与边界节点数33不匹配
警告: f_bc长度101与边界节点数33不匹配
警告: f_bc长度101与边界节点数33不匹配
警告: f_bc长度101与边界节点数33不匹配
警告: f_bc长度101与边界节点数33不匹配
警告: f_bc长度101与边界节点数33不匹配
警告: f_bc长度101与边界节点数33不匹配
警告: f_bc长度101与边界节点数33不匹配
警告: f_bc长度101与边界节点数33不匹配
警告: f_bc长度101与边界节点数33不匹配
警告: f_bc长度101与边界节点数33不匹配
警告: f_bc长度101与边界节点数33不匹配
警告: f_bc长度101与边界节点数33不匹配
警告: f_bc长度101与边界节点数33不匹配
警告: f_bc长度101与边界节点数33不匹配
警告: f_bc长度101与边界节点数33不匹配
警告: f_bc长度101与边界节点数33不匹配
警告: f_bc长度101与边界节点数33不匹配
警告: f_bc长度101与边界节点数33不匹配
警告: f_bc长度101与边界节点数33不匹配
警告: f_bc长度101与边界节点数33不匹配
警告: f_bc长度101与边界节点数33不匹配
警告: f_bc长度101与边界节点数33不匹配
警告: f_bc长度101与边界节点数33不匹配
警告: f_bc长度101与边界节点数33不匹配
警告: f_bc长度101与边界节点数33不匹配
警告: f_bc长度101与边界节点数33不匹配
警告: f_bc长度101与边界节点数33不匹配
警告: f_bc长度101与边界节点数33不匹配
警告: f_bc长度101与边界节点数33不匹配
警告: f_bc长度101与边界节点数33不匹配
警告: f_bc长度101与边界节点数33不匹配
警告: f_bc长度101与边界节点数33不匹配
警告: f_bc长度101与边界节点数33不匹配
警告: f_bc长度101与边界节点数33不匹配
警告: f_bc长度101与边界节点数33不匹配
警告: f_bc长度101与边界节点数33不匹配
警告: f_bc长度101与边界节点数33不匹配
警告: f_bc长度101与边界节点数33不匹配
警告: f_bc长度101与边界节点数33不匹配
警告: f_bc长度101与边界节点数33不匹配
警告: f_bc长度101与边界节点数33不匹配
警告: f_bc长度101与边界节点数33不匹配
警告: f_bc长度101与边界节点数33不匹配
警告: f_bc长度101与边界节点数33不匹配
警告: f_bc长度101与边界节点数33不匹配
警告: f_bc长度101与边界节点数33不匹配
警告: f_bc长度101与边界节点数33不匹配
警告: f_bc长度101与边界节点数33不匹配
警告: f_bc长度101与边界节点数33不匹配
警告: f_bc长度101与边界节点数33不匹配
警告: f_bc长度101与边界节点数33不匹配
警告: f_bc长度101与边界节点数33不匹配
警告: f_bc长度101与边界节点数33不匹配
警告: f_bc长度101与边界节点数33不匹配
警告: f_bc长度101与边界节点数33不匹配
警告: f_bc长度101与边界节点数33不匹配
警告: f_bc长度101与边界节点数33不匹配
警告: f_bc长度101与边界节点数33不匹配
警告: f_bc长度101与边界节点数33不匹配
警告: f_bc长度101与边界节点数33不匹配
警告: f_bc长度101与边界节点数33不匹配
警告: f_bc长度101与边界节点数33不匹配
警告: f_bc长度101与边界节点数33不匹配
警告: f_bc长度101与边界节点数33不匹配
警告: f_bc长度101与边界节点数33不匹配
警告: f_bc长度101与边界节点数33不匹配
警告: f_bc长度101与边界节点数33不匹配
警告: f_bc长度101与边界节点数33不匹配
警告: f_bc长度101与边界节点数33不匹配
警告: f_bc长度101与边界节点数33不匹配
警告: f_bc长度101与边界节点数33不匹配
警告: f_bc长度101与边界节点数33不匹配
警告: f_bc长度101与边界节点数33不匹配
警告: f_bc长度101与边界节点数33不匹配
警告: f_bc长度101与边界节点数33不匹配
警告: f_bc长度101与边界节点数33不匹配
警告: f_bc长度101与边界节点数33不匹配
警告: f_bc长度101与边界节点数33不匹配
警告: f_bc长度101与边界节点数33不匹配
警告: f_bc长度101与边界节点数33不匹配
警告: f_bc长度101与边界节点数33不匹配
警告: f_bc长度101与边界节点数33不匹配
警告: f_bc长度101与边界节点数33不匹配
警告: f_bc长度101与边界节点数33不匹配
警告: f_bc长度101与边界节点数33不匹配
警告: f_bc长度101与边界节点数33不匹配
警告: f_bc长度101与边界节点数33不匹配
警告: f_bc长度101与边界节点数33不匹配
警告: f_bc长度101与边界节点数33不匹配
警告: f_bc长度101与边界节点数33不匹配
警告: f_bc长度101与边界节点数33不匹配
警告: f_bc长度101与边界节点数33不匹配
警告: f_bc长度101与边界节点数33不匹配
警告: f_bc长度101与边界节点数33不匹配
警告: f_bc长度101与边界节点数33不匹配
警告: f_bc长度101与边界节点数33不匹配
警告: f_bc长度101与边界节点数33不匹配
警告: f_bc长度101与边界节点数33不匹配
警告: f_bc长度101与边界节点数33不匹配
警告: f_bc长度101与边界节点数33不匹配
警告: f_bc长度101与边界节点数33不匹配
警告: f_bc长度101与边界节点数33不匹配
警告: f_bc长度101与边界节点数33不匹配
警告: f_bc长度101与边界节点数33不匹配
警告: f_bc长度101与边界节点数33不匹配
警告: f_bc长度101与边界节点数33不匹配
警告: f_bc长度101与边界节点数33不匹配
警告: f_bc长度101与边界节点数33不匹配
警告: f_bc长度101与边界节点数33不匹配
警告: f_bc长度101与边界节点数33不匹配
警告: f_bc长度101与边界节点数33不匹配
警告: f_bc长度101与边界节点数33不匹配
警告: f_bc长度101与边界节点数33不匹配
警告: f_bc长度101与边界节点数33不匹配
警告: f_bc长度101与边界节点数33不匹配
警告: f_bc长度101与边界节点数33不匹配
警告: f_bc长度101与边界节点数33不匹配
警告: f_bc长度101与边界节点数33不匹配
警告: f_bc长度101与边界节点数33不匹配
警告: f_bc长度101与边界节点数33不匹配
警告: f_bc长度101与边界节点数33不匹配
警告: f_bc长度101与边界节点数33不匹配
警告: f_bc长度101与边界节点数33不匹配
警告: f_bc长度101与边界节点数33不匹配
警告: f_bc长度101与边界节点数33不匹配
警告: f_bc长度101与边界节点数33不匹配
警告: f_bc长度101与边界节点数33不匹配
警告: f_bc长度101与边界节点数33不匹配
警告: f_bc长度101与边界节点数33不匹配
警告: f_bc长度101与边界节点数33不匹配
警告: f_bc长度101与边界节点数33不匹配
警告: f_bc长度101与边界节点数33不匹配
警告: f_bc长度101与边界节点数33不匹配
警告: f_bc长度101与边界节点数33不匹配
警告: f_bc长度101与边界节点数33不匹配
警告: f_bc长度101与边界节点数33不匹配
警告: f_bc长度101与边界节点数33不匹配
警告: f_bc长度101与边界节点数33不匹配
警告: f_bc长度101与边界节点数33不匹配
警告: f_bc长度101与边界节点数33不匹配
警告: f_bc长度101与边界节点数33不匹配
警告: f_bc长度101与边界节点数33不匹配
警告: f_bc长度101与边界节点数33不匹配
警告: f_bc长度101与边界节点数33不匹配
警告: f_bc长度101与边界节点数33不匹配
警告: f_bc长度101与边界节点数33不匹配
警告: f_bc长度101与边界节点数33不匹配
警告: f_bc长度101与边界节点数33不匹配
警告: f_bc长度101与边界节点数33不匹配
警告: f_bc长度101与边界节点数33不匹配
警告: f_bc长度101与边界节点数33不匹配
警告: f_bc长度101与边界节点数33不匹配
警告: f_bc长度101与边界节点数33不匹配
警告: f_bc长度101与边界节点数33不匹配
警告: f_bc长度101与边界节点数33不匹配
警告: f_bc长度101与边界节点数33不匹配
警告: f_bc长度101与边界节点数33不匹配
警告: f_bc长度101与边界节点数33不匹配
警告: f_bc长度101与边界节点数33不匹配
警告: f_bc长度101与边界节点数33不匹配
警告: f_bc长度101与边界节点数33不匹配
警告: f_bc长度101与边界节点数33不匹配
警告: f_bc长度101与边界节点数33不匹配
警告: f_bc长度101与边界节点数33不匹配
警告: f_bc长度101与边界节点数33不匹配
警告: f_bc长度101与边界节点数33不匹配
警告: f_bc长度101与边界节点数33不匹配
警告: f_bc长度101与边界节点数33不匹配
警告: f_bc长度101与边界节点数33不匹配
警告: f_bc长度101与边界节点数33不匹配
警告: f_bc长度101与边界节点数33不匹配
警告: f_bc长度101与边界节点数33不匹配
警告: f_bc长度101与边界节点数33不匹配
警告: f_bc长度101与边界节点数33不匹配
警告: f_bc长度101与边界节点数33不匹配
警告: f_bc长度101与边界节点数33不匹配
警告: f_bc长度101与边界节点数33不匹配
警告: f_bc长度101与边界节点数33不匹配
警告: f_bc长度101与边界节点数33不匹配
警告: f_bc长度101与边界节点数33不匹配
警告: f_bc长度101与边界节点数33不匹配
警告: f_bc长度101与边界节点数33不匹配
警告: f_bc长度101与边界节点数33不匹配
警告: f_bc长度101与边界节点数33不匹配
警告: f_bc长度101与边界节点数33不匹配
警告: f_bc长度101与边界节点数33不匹配
警告: f_bc长度101与边界节点数33不匹配
警告: f_bc长度101与边界节点数33不匹配
警告: f_bc长度101与边界节点数33不匹配
警告: f_bc长度101与边界节点数33不匹配
警告: f_bc长度101与边界节点数33不匹配
警告: f_bc长度101与边界节点数33不匹配
警告: f_bc长度101与边界节点数33不匹配
警告: f_bc长度101与边界节点数33不匹配
警告: f_bc长度101与边界节点数33不匹配
警告: f_bc长度101与边界节点数33不匹配
警告: f_bc长度101与边界节点数33不匹配
警告: f_bc长度101与边界节点数33不匹配
警告: f_bc长度101与边界节点数33不匹配
警告: f_bc长度101与边界节点数33不匹配
警告: f_bc长度101与边界节点数33不匹配
警告: f_bc长度101与边界节点数33不匹配
警告: f_bc长度101与边界节点数33不匹配
警告: f_bc长度101与边界节点数33不匹配
警告: f_bc长度101与边界节点数33不匹配
警告: f_bc长度101与边界节点数33不匹配
警告: f_bc长度101与边界节点数33不匹配
警告: f_bc长度101与边界节点数33不匹配
警告: f_bc长度101与边界节点数33不匹配
警告: f_bc长度101与边界节点数33不匹配
警告: f_bc长度101与边界节点数33不匹配
警告: f_bc长度101与边界节点数33不匹配
警告: f_bc长度101与边界节点数33不匹配
警告: f_bc长度101与边界节点数33不匹配
警告: f_bc长度101与边界节点数33不匹配
警告: f_bc长度101与边界节点数33不匹配
警告: f_bc长度101与边界节点数33不匹配
警告: f_bc长度101与边界节点数33不匹配
警告: f_bc长度101与边界节点数33不匹配
警告: f_bc长度101与边界节点数33不匹配
警告: f_bc长度101与边界节点数33不匹配
警告: f_bc长度101与边界节点数33不匹配
警告: f_bc长度101与边界节点数33不匹配
警告: f_bc长度101与边界节点数33不匹配
警告: f_bc长度101与边界节点数33不匹配
警告: f_bc长度101与边界节点数33不匹配
警告: f_bc长度101与边界节点数33不匹配
警告: f_bc长度101与边界节点数33不匹配
警告: f_bc长度101与边界节点数33不匹配
警告: f_bc长度101与边界节点数33不匹配
警告: f_bc长度101与边界节点数33不匹配
警告: f_bc长度101与边界节点数33不匹配
警告: f_bc长度101与边界节点数33不匹配
警告: f_bc长度101与边界节点数33不匹配
警告: f_bc长度101与边界节点数33不匹配
警告: f_bc长度101与边界节点数33不匹配
警告: f_bc长度101与边界节点数33不匹配
警告: f_bc长度101与边界节点数33不匹配
警告: f_bc长度101与边界节点数33不匹配
警告: f_bc长度101与边界节点数33不匹配
警告: f_bc长度101与边界节点数33不匹配
警告: f_bc长度101与边界节点数33不匹配
警告: f_bc长度101与边界节点数33不匹配
警告: f_bc长度101与边界节点数33不匹配
警告: f_bc长度101与边界节点数33不匹配
警告: f_bc长度101与边界节点数33不匹配
警告: f_bc长度101与边界节点数33不匹配
警告: f_bc长度101与边界节点数33不匹配
警告: f_bc长度101与边界节点数33不匹配
警告: f_bc长度101与边界节点数33不匹配
警告: f_bc长度101与边界节点数33不匹配
警告: f_bc长度101与边界节点数33不匹配
警告: f_bc长度101与边界节点数33不匹配
警告: f_bc长度101与边界节点数33不匹配
警告: f_bc长度101与边界节点数33不匹配
警告: f_bc长度101与边界节点数33不匹配
警告: f_bc长度101与边界节点数33不匹配
警告: f_bc长度101与边界节点数33不匹配
警告: f_bc长度101与边界节点数33不匹配
警告: f_bc长度101与边界节点数33不匹配
警告: f_bc长度101与边界节点数33不匹配
警告: f_bc长度101与边界节点数33不匹配
警告: f_bc长度101与边界节点数33不匹配
警告: f_bc长度101与边界节点数33不匹配
警告: f_bc长度101与边界节点数33不匹配
警告: f_bc长度101与边界节点数33不匹配
警告: f_bc长度101与边界节点数33不匹配
警告: f_bc长度101与边界节点数33不匹配
警告: f_bc长度101与边界节点数33不匹配
警告: f_bc长度101与边界节点数33不匹配
警告: f_bc长度101与边界节点数33不匹配
警告: f_bc长度101与边界节点数33不匹配
警告: f_bc长度101与边界节点数33不匹配
警告: f_bc长度101与边界节点数33不匹配
警告: f_bc长度101与边界节点数33不匹配
警告: f_bc长度101与边界节点数33不匹配
警告: f_bc长度101与边界节点数33不匹配
警告: f_bc长度101与边界节点数33不匹配
警告: f_bc长度101与边界节点数33不匹配
警告: f_bc长度101与边界节点数33不匹配
警告: f_bc长度101与边界节点数33不匹配
警告: f_bc长度101与边界节点数33不匹配
警告: f_bc长度101与边界节点数33不匹配
警告: f_bc长度101与边界节点数33不匹配
警告: f_bc长度101与边界节点数33不匹配
警告: f_bc长度101与边界节点数33不匹配
警告: f_bc长度101与边界节点数33不匹配
警告: f_bc长度101与边界节点数33不匹配
警告: f_bc长度101与边界节点数33不匹配
警告: f_bc长度101与边界节点数33不匹配
警告: f_bc长度101与边界节点数33不匹配
警告: f_bc长度101与边界节点数33不匹配
警告: f_bc长度101与边界节点数33不匹配
警告: f_bc长度101与边界节点数33不匹配
警告: f_bc长度101与边界节点数33不匹配
警告: f_bc长度101与边界节点数33不匹配
警告: f_bc长度101与边界节点数33不匹配
警告: f_bc长度101与边界节点数33不匹配
警告: f_bc长度101与边界节点数33不匹配
警告: f_bc长度101与边界节点数33不匹配
警告: f_bc长度101与边界节点数33不匹配
警告: f_bc长度101与边界节点数33不匹配
警告: f_bc长度101与边界节点数33不匹配
警告: f_bc长度101与边界节点数33不匹配
警告: f_bc长度101与边界节点数33不匹配
警告: f_bc长度101与边界节点数33不匹配
警告: f_bc长度101与边界节点数33不匹配
警告: f_bc长度101与边界节点数33不匹配
警告: f_bc长度101与边界节点数33不匹配
警告: f_bc长度101与边界节点数33不匹配
警告: f_bc长度101与边界节点数33不匹配
警告: f_bc长度101与边界节点数33不匹配
警告: f_bc长度101与边界节点数33不匹配
警告: f_bc长度101与边界节点数33不匹配
警告: f_bc长度101与边界节点数33不匹配
警告: f_bc长度101与边界节点数33不匹配
警告: f_bc长度101与边界节点数33不匹配
警告: f_bc长度101与边界节点数33不匹配
警告: f_bc长度101与边界节点数33不匹配
警告: f_bc长度101与边界节点数33不匹配
警告: f_bc长度101与边界节点数33不匹配
警告: f_bc长度101与边界节点数33不匹配
警告: f_bc长度101与边界节点数33不匹配
警告: f_bc长度101与边界节点数33不匹配
警告: f_bc长度101与边界节点数33不匹配
警告: f_bc长度101与边界节点数33不匹配
警告: f_bc长度101与边界节点数33不匹配
警告: f_bc长度101与边界节点数33不匹配
警告: f_bc长度101与边界节点数33不匹配
警告: f_bc长度101与边界节点数33不匹配
警告: f_bc长度101与边界节点数33不匹配
警告: f_bc长度101与边界节点数33不匹配
警告: f_bc长度101与边界节点数33不匹配
警告: f_bc长度101与边界节点数33不匹配
警告: f_bc长度101与边界节点数33不匹配
警告: f_bc长度101与边界节点数33不匹配
警告: f_bc长度101与边界节点数33不匹配
警告: f_bc长度101与边界节点数33不匹配
警告: f_bc长度101与边界节点数33不匹配
警告: f_bc长度101与边界节点数33不匹配
警告: f_bc长度101与边界节点数33不匹配
警告: f_bc长度101与边界节点数33不匹配
警告: f_bc长度101与边界节点数33不匹配
警告: f_bc长度101与边界节点数33不匹配
警告: f_bc长度101与边界节点数33不匹配
警告: f_bc长度101与边界节点数33不匹配
警告: f_bc长度101与边界节点数33不匹配
警告: f_bc长度101与边界节点数33不匹配
警告: f_bc长度101与边界节点数33不匹配
警告: f_bc长度101与边界节点数33不匹配
警告: f_bc长度101与边界节点数33不匹配
警告: f_bc长度101与边界节点数33不匹配
警告: f_bc长度101与边界节点数33不匹配
警告: f_bc长度101与边界节点数33不匹配
警告: f_bc长度101与边界节点数33不匹配
警告: f_bc长度101与边界节点数33不匹配
警告: f_bc长度101与边界节点数33不匹配
警告: f_bc长度101与边界节点数33不匹配
警告: f_bc长度101与边界节点数33不匹配
警告: f_bc长度101与边界节点数33不匹配
警告: f_bc长度101与边界节点数33不匹配
警告: f_bc长度101与边界节点数33不匹配
警告: f_bc长度101与边界节点数33不匹配
警告: f_bc长度101与边界节点数33不匹配
警告: f_bc长度101与边界节点数33不匹配
警告: f_bc长度101与边界节点数33不匹配
警告: f_bc长度101与边界节点数33不匹配
警告: f_bc长度101与边界节点数33不匹配
警告: f_bc长度101与边界节点数33不匹配
警告: f_bc长度101与边界节点数33不匹配
警告: f_bc长度101与边界节点数33不匹配
警告: f_bc长度101与边界节点数33不匹配
警告: f_bc长度101与边界节点数33不匹配
警告: f_bc长度101与边界节点数33不匹配
警告: f_bc长度101与边界节点数33不匹配
警告: f_bc长度101与边界节点数33不匹配
警告: f_bc长度101与边界节点数33不匹配
警告: f_bc长度101与边界节点数33不匹配
警告: f_bc长度101与边界节点数33不匹配
警告: f_bc长度101与边界节点数33不匹配
警告: f_bc长度101与边界节点数33不匹配
警告: f_bc长度101与边界节点数33不匹配
警告: f_bc长度101与边界节点数33不匹配
警告: f_bc长度101与边界节点数33不匹配
警告: f_bc长度101与边界节点数33不匹配
警告: f_bc长度101与边界节点数33不匹配
警告: f_bc长度101与边界节点数33不匹配
警告: f_bc长度101与边界节点数33不匹配
警告: f_bc长度101与边界节点数33不匹配
警告: f_bc长度101与边界节点数33不匹配
警告: f_bc长度101与边界节点数33不匹配
警告: f_bc长度101与边界节点数33不匹配
警告: f_bc长度101与边界节点数33不匹配
警告: f_bc长度101与边界节点数33不匹配
警告: f_bc长度101与边界节点数33不匹配
警告: f_bc长度101与边界节点数33不匹配
警告: f_bc长度101与边界节点数33不匹配
警告: f_bc长度101与边界节点数33不匹配
警告: f_bc长度101与边界节点数33不匹配
警告: f_bc长度101与边界节点数33不匹配
警告: f_bc长度101与边界节点数33不匹配
警告: f_bc长度101与边界节点数33不匹配
警告: f_bc长度101与边界节点数33不匹配
警告: f_bc长度101与边界节点数33不匹配
警告: f_bc长度101与边界节点数33不匹配
警告: f_bc长度101与边界节点数33不匹配
警告: f_bc长度101与边界节点数33不匹配
警告: f_bc长度101与边界节点数33不匹配
警告: f_bc长度101与边界节点数33不匹配
警告: f_bc长度101与边界节点数33不匹配
警告: f_bc长度101与边界节点数33不匹配
警告: f_bc长度101与边界节点数33不匹配
警告: f_bc长度101与边界节点数33不匹配
警告: f_bc长度101与边界节点数33不匹配
警告: f_bc长度101与边界节点数33不匹配
警告: f_bc长度101与边界节点数33不匹配
警告: f_bc长度101与边界节点数33不匹配
警告: f_bc长度101与边界节点数33不匹配
警告: f_bc长度101与边界节点数33不匹配
警告: f_bc长度101与边界节点数33不匹配
警告: f_bc长度101与边界节点数33不匹配
警告: f_bc长度101与边界节点数33不匹配
警告: f_bc长度101与边界节点数33不匹配
警告: f_bc长度101与边界节点数33不匹配
警告: f_bc长度101与边界节点数33不匹配
警告: f_bc长度101与边界节点数33不匹配
警告: f_bc长度101与边界节点数33不匹配
警告: f_bc长度101与边界节点数33不匹配
警告: f_bc长度101与边界节点数33不匹配
警告: f_bc长度101与边界节点数33不匹配
警告: f_bc长度101与边界节点数33不匹配
警告: f_bc长度101与边界节点数33不匹配
警告: f_bc长度101与边界节点数33不匹配
警告: f_bc长度101与边界节点数33不匹配
警告: f_bc长度101与边界节点数33不匹配
警告: f_bc长度101与边界节点数33不匹配
警告: f_bc长度101与边界节点数33不匹配
警告: f_bc长度101与边界节点数33不匹配
警告: f_bc长度101与边界节点数33不匹配
警告: f_bc长度101与边界节点数33不匹配
警告: f_bc长度101与边界节点数33不匹配
警告: f_bc长度101与边界节点数33不匹配
警告: f_bc长度101与边界节点数33不匹配
警告: f_bc长度101与边界节点数33不匹配
警告: f_bc长度101与边界节点数33不匹配
警告: f_bc长度101与边界节点数33不匹配
警告: f_bc长度101与边界节点数33不匹配
警告: f_bc长度101与边界节点数33不匹配
警告: f_bc长度101与边界节点数33不匹配
警告: f_bc长度101与边界节点数33不匹配
警告: f_bc长度101与边界节点数33不匹配
警告: f_bc长度101与边界节点数33不匹配
警告: f_bc长度101与边界节点数33不匹配
警告: f_bc长度101与边界节点数33不匹配
警告: f_bc长度101与边界节点数33不匹配
警告: f_bc长度101与边界节点数33不匹配
警告: f_bc长度101与边界节点数33不匹配
警告: f_bc长度101与边界节点数33不匹配
警告: f_bc长度101与边界节点数33不匹配
警告: f_bc长度101与边界节点数33不匹配
警告: f_bc长度101与边界节点数33不匹配
警告: f_bc长度101与边界节点数33不匹配
警告: f_bc长度101与边界节点数33不匹配
警告: f_bc长度101与边界节点数33不匹配
警告: f_bc长度101与边界节点数33不匹配
警告: f_bc长度101与边界节点数33不匹配
警告: f_bc长度101与边界节点数33不匹配
警告: f_bc长度101与边界节点数33不匹配
警告: f_bc长度101与边界节点数33不匹配
警告: f_bc长度101与边界节点数33不匹配
警告: f_bc长度101与边界节点数33不匹配
警告: f_bc长度101与边界节点数33不匹配
警告: f_bc长度101与边界节点数33不匹配
警告: f_bc长度101与边界节点数33不匹配
警告: f_bc长度101与边界节点数33不匹配
警告: f_bc长度101与边界节点数33不匹配
警告: f_bc长度101与边界节点数33不匹配
警告: f_bc长度101与边界节点数33不匹配
警告: f_bc长度101与边界节点数33不匹配
警告: f_bc长度101与边界节点数33不匹配
警告: f_bc长度101与边界节点数33不匹配
警告: f_bc长度101与边界节点数33不匹配
警告: f_bc长度101与边界节点数33不匹配
警告: f_bc长度101与边界节点数33不匹配
警告: f_bc长度101与边界节点数33不匹配
警告: f_bc长度101与边界节点数33不匹配
警告: f_bc长度101与边界节点数33不匹配
警告: f_bc长度101与边界节点数33不匹配
警告: f_bc长度101与边界节点数33不匹配
警告: f_bc长度101与边界节点数33不匹配
警告: f_bc长度101与边界节点数33不匹配
警告: f_bc长度101与边界节点数33不匹配
警告: f_bc长度101与边界节点数33不匹配
警告: f_bc长度101与边界节点数33不匹配
警告: f_bc长度101与边界节点数33不匹配
警告: f_bc长度101与边界节点数33不匹配
警告: f_bc长度101与边界节点数33不匹配
警告: f_bc长度101与边界节点数33不匹配
警告: f_bc长度101与边界节点数33不匹配
警告: f_bc长度101与边界节点数33不匹配
警告: f_bc长度101与边界节点数33不匹配
警告: f_bc长度101与边界节点数33不匹配
警告: f_bc长度101与边界节点数33不匹配
警告: f_bc长度101与边界节点数33不匹配
警告: f_bc长度101与边界节点数33不匹配
警告: f_bc长度101与边界节点数33不匹配
警告: f_bc长度101与边界节点数33不匹配
警告: f_bc长度101与边界节点数33不匹配
警告: f_bc长度101与边界节点数33不匹配
警告: f_bc长度101与边界节点数33不匹配
警告: f_bc长度101与边界节点数33不匹配
警告: f_bc长度101与边界节点数33不匹配
警告: f_bc长度101与边界节点数33不匹配
警告: f_bc长度101与边界节点数33不匹配
警告: f_bc长度101与边界节点数33不匹配
警告: f_bc长度101与边界节点数33不匹配
警告: f_bc长度101与边界节点数33不匹配
警告: f_bc长度101与边界节点数33不匹配
警告: f_bc长度101与边界节点数33不匹配
警告: f_bc长度101与边界节点数33不匹配
警告: f_bc长度101与边界节点数33不匹配
警告: f_bc长度101与边界节点数33不匹配
警告: f_bc长度101与边界节点数33不匹配
警告: f_bc长度101与边界节点数33不匹配
警告: f_bc长度101与边界节点数33不匹配
警告: f_bc长度101与边界节点数33不匹配
警告: f_bc长度101与边界节点数33不匹配
警告: f_bc长度101与边界节点数33不匹配
警告: f_bc长度101与边界节点数33不匹配
警告: f_bc长度101与边界节点数33不匹配
警告: f_bc长度101与边界节点数33不匹配
警告: f_bc长度101与边界节点数33不匹配
警告: f_bc长度101与边界节点数33不匹配
警告: f_bc长度101与边界节点数33不匹配
警告: f_bc长度101与边界节点数33不匹配
警告: f_bc长度101与边界节点数33不匹配
警告: f_bc长度101与边界节点数33不匹配
警告: f_bc长度101与边界节点数33不匹配
警告: f_bc长度101与边界节点数33不匹配
警告: f_bc长度101与边界节点数33不匹配
警告: f_bc长度101与边界节点数33不匹配
警告: f_bc长度101与边界节点数33不匹配
警告: f_bc长度101与边界节点数33不匹配
警告: f_bc长度101与边界节点数33不匹配
警告: f_bc长度101与边界节点数33不匹配
警告: f_bc长度101与边界节点数33不匹配
警告: f_bc长度101与边界节点数33不匹配
警告: f_bc长度101与边界节点数33不匹配
警告: f_bc长度101与边界节点数33不匹配
警告: f_bc长度101与边界节点数33不匹配
警告: f_bc长度101与边界节点数33不匹配
警告: f_bc长度101与边界节点数33不匹配
警告: f_bc长度101与边界节点数33不匹配
警告: f_bc长度101与边界节点数33不匹配
警告: f_bc长度101与边界节点数33不匹配
警告: f_bc长度101与边界节点数33不匹配
警告: f_bc长度101与边界节点数33不匹配
警告: f_bc长度101与边界节点数33不匹配
警告: f_bc长度101与边界节点数33不匹配
警告: f_bc长度101与边界节点数33不匹配
警告: f_bc长度101与边界节点数33不匹配
警告: f_bc长度101与边界节点数33不匹配
警告: f_bc长度101与边界节点数33不匹配
警告: f_bc长度101与边界节点数33不匹配
警告: f_bc长度101与边界节点数33不匹配
警告: f_bc长度101与边界节点数33不匹配
警告: f_bc长度101与边界节点数33不匹配
警告: f_bc长度101与边界节点数33不匹配
警告: f_bc长度101与边界节点数33不匹配
警告: f_bc长度101与边界节点数33不匹配
警告: f_bc长度101与边界节点数33不匹配
警告: f_bc长度101与边界节点数33不匹配
警告: f_bc长度101与边界节点数33不匹配
警告: f_bc长度101与边界节点数33不匹配
警告: f_bc长度101与边界节点数33不匹配
警告: f_bc长度101与边界节点数33不匹配
警告: f_bc长度101与边界节点数33不匹配
警告: f_bc长度101与边界节点数33不匹配
警告: f_bc长度101与边界节点数33不匹配
警告: f_bc长度101与边界节点数33不匹配
警告: f_bc长度101与边界节点数33不匹配
警告: f_bc长度101与边界节点数33不匹配
警告: f_bc长度101与边界节点数33不匹配
警告: f_bc长度101与边界节点数33不匹配
警告: f_bc长度101与边界节点数33不匹配
警告: f_bc长度101与边界节点数33不匹配
警告: f_bc长度101与边界节点数33不匹配
警告: f_bc长度101与边界节点数33不匹配
警告: f_bc长度101与边界节点数33不匹配
警告: f_bc长度101与边界节点数33不匹配
警告: f_bc长度101与边界节点数33不匹配
警告: f_bc长度101与边界节点数33不匹配
警告: f_bc长度101与边界节点数33不匹配
警告: f_bc长度101与边界节点数33不匹配
警告: f_bc长度101与边界节点数33不匹配
警告: f_bc长度101与边界节点数33不匹配
警告: f_bc长度101与边界节点数33不匹配
警告: f_bc长度101与边界节点数33不匹配
警告: f_bc长度101与边界节点数33不匹配
警告: f_bc长度101与边界节点数33不匹配
警告: f_bc长度101与边界节点数33不匹配
警告: f_bc长度101与边界节点数33不匹配
警告: f_bc长度101与边界节点数33不匹配
警告: f_bc长度101与边界节点数33不匹配
警告: f_bc长度101与边界节点数33不匹配
警告: f_bc长度101与边界节点数33不匹配
警告: f_bc长度101与边界节点数33不匹配
警告: f_bc长度101与边界节点数33不匹配
警告: f_bc长度101与边界节点数33不匹配
警告: f_bc长度101与边界节点数33不匹配
警告: f_bc长度101与边界节点数33不匹配
警告: f_bc长度101与边界节点数33不匹配
警告: f_bc长度101与边界节点数33不匹配
警告: f_bc长度101与边界节点数33不匹配
警告: f_bc长度101与边界节点数33不匹配
警告: f_bc长度101与边界节点数33不匹配
警告: f_bc长度101与边界节点数33不匹配
警告: f_bc长度101与边界节点数33不匹配
警告: f_bc长度101与边界节点数33不匹配
警告: f_bc长度101与边界节点数33不匹配
警告: f_bc长度101与边界节点数33不匹配
警告: f_bc长度101与边界节点数33不匹配
警告: f_bc长度101与边界节点数33不匹配
警告: f_bc长度101与边界节点数33不匹配
警告: f_bc长度101与边界节点数33不匹配
警告: f_bc长度101与边界节点数33不匹配
警告: f_bc长度101与边界节点数33不匹配
警告: f_bc长度101与边界节点数33不匹配
警告: f_bc长度101与边界节点数33不匹配
警告: f_bc长度101与边界节点数33不匹配
警告: f_bc长度101与边界节点数33不匹配
警告: f_bc长度101与边界节点数33不匹配
警告: f_bc长度101与边界节点数33不匹配
警告: f_bc长度101与边界节点数33不匹配
警告: f_bc长度101与边界节点数33不匹配
警告: f_bc长度101与边界节点数33不匹配
警告: f_bc长度101与边界节点数33不匹配
警告: f_bc长度101与边界节点数33不匹配
警告: f_bc长度101与边界节点数33不匹配
警告: f_bc长度101与边界节点数33不匹配
警告: f_bc长度101与边界节点数33不匹配
警告: f_bc长度101与边界节点数33不匹配
警告: f_bc长度101与边界节点数33不匹配
警告: f_bc长度101与边界节点数33不匹配
警告: f_bc长度101与边界节点数33不匹配
警告: f_bc长度101与边界节点数33不匹配
警告: f_bc长度101与边界节点数33不匹配
警告: f_bc长度101与边界节点数33不匹配
警告: f_bc长度101与边界节点数33不匹配
警告: f_bc长度101与边界节点数33不匹配
警告: f_bc长度101与边界节点数33不匹配
警告: f_bc长度101与边界节点数33不匹配
警告: f_bc长度101与边界节点数33不匹配
警告: f_bc长度101与边界节点数33不匹配
警告: f_bc长度101与边界节点数33不匹配
警告: f_bc长度101与边界节点数33不匹配
警告: f_bc长度101与边界节点数33不匹配
警告: f_bc长度101与边界节点数33不匹配
警告: f_bc长度101与边界节点数33不匹配
警告: f_bc长度101与边界节点数33不匹配
警告: f_bc长度101与边界节点数33不匹配
警告: f_bc长度101与边界节点数33不匹配
警告: f_bc长度101与边界节点数33不匹配
警告: f_bc长度101与边界节点数33不匹配
警告: f_bc长度101与边界节点数33不匹配
警告: f_bc长度101与边界节点数33不匹配
警告: f_bc长度101与边界节点数33不匹配
警告: f_bc长度101与边界节点数33不匹配
警告: f_bc长度101与边界节点数33不匹配
警告: f_bc长度101与边界节点数33不匹配
警告: f_bc长度101与边界节点数33不匹配
警告: f_bc长度101与边界节点数33不匹配
警告: f_bc长度101与边界节点数33不匹配
警告: f_bc长度101与边界节点数33不匹配
警告: f_bc长度101与边界节点数33不匹配
警告: f_bc长度101与边界节点数33不匹配
警告: f_bc长度101与边界节点数33不匹配
警告: f_bc长度101与边界节点数33不匹配
警告: f_bc长度101与边界节点数33不匹配
警告: f_bc长度101与边界节点数33不匹配
警告: f_bc长度101与边界节点数33不匹配
警告: f_bc长度101与边界节点数33不匹配
警告: f_bc长度101与边界节点数33不匹配
警告: f_bc长度101与边界节点数33不匹配
警告: f_bc长度101与边界节点数33不匹配
警告: f_bc长度101与边界节点数33不匹配
警告: f_bc长度101与边界节点数33不匹配
警告: f_bc长度101与边界节点数33不匹配
警告: f_bc长度101与边界节点数33不匹配
警告: f_bc长度101与边界节点数33不匹配
警告: f_bc长度101与边界节点数33不匹配
警告: f_bc长度101与边界节点数33不匹配
警告: f_bc长度101与边界节点数33不匹配
警告: f_bc长度101与边界节点数33不匹配
警告: f_bc长度101与边界节点数33不匹配
警告: f_bc长度101与边界节点数33不匹配
警告: f_bc长度101与边界节点数33不匹配
警告: f_bc长度101与边界节点数33不匹配
警告: f_bc长度101与边界节点数33不匹配
警告: f_bc长度101与边界节点数33不匹配
警告: f_bc长度101与边界节点数33不匹配
警告: f_bc长度101与边界节点数33不匹配
警告: f_bc长度101与边界节点数33不匹配
警告: f_bc长度101与边界节点数33不匹配
警告: f_bc长度101与边界节点数33不匹配
警告: f_bc长度101与边界节点数33不匹配
警告: f_bc长度101与边界节点数33不匹配
警告: f_bc长度101与边界节点数33不匹配
警告: f_bc长度101与边界节点数33不匹配
警告: f_bc长度101与边界节点数33不匹配
警告: f_bc长度101与边界节点数33不匹配
警告: f_bc长度101与边界节点数33不匹配
警告: f_bc长度101与边界节点数33不匹配
警告: f_bc长度101与边界节点数33不匹配
警告: f_bc长度101与边界节点数33不匹配
警告: f_bc长度101与边界节点数33不匹配
警告: f_bc长度101与边界节点数33不匹配
警告: f_bc长度101与边界节点数33不匹配
警告: f_bc长度101与边界节点数33不匹配
警告: f_bc长度101与边界节点数33不匹配
警告: f_bc长度101与边界节点数33不匹配
警告: f_bc长度101与边界节点数33不匹配
警告: f_bc长度101与边界节点数33不匹配
警告: f_bc长度101与边界节点数33不匹配
警告: f_bc长度101与边界节点数33不匹配
警告: f_bc长度101与边界节点数33不匹配
警告: f_bc长度101与边界节点数33不匹配
警告: f_bc长度101与边界节点数33不匹配
警告: f_bc长度101与边界节点数33不匹配
警告: f_bc长度101与边界节点数33不匹配
警告: f_bc长度101与边界节点数33不匹配
警告: f_bc长度101与边界节点数33不匹配
警告: f_bc长度101与边界节点数33不匹配
警告: f_bc长度101与边界节点数33不匹配
警告: f_bc长度101与边界节点数33不匹配
警告: f_bc长度101与边界节点数33不匹配
警告: f_bc长度101与边界节点数33不匹配
警告: f_bc长度101与边界节点数33不匹配
警告: f_bc长度101与边界节点数33不匹配
警告: f_bc长度101与边界节点数33不匹配
警告: f_bc长度101与边界节点数33不匹配
警告: f_bc长度101与边界节点数33不匹配
警告: f_bc长度101与边界节点数33不匹配
警告: f_bc长度101与边界节点数33不匹配
警告: f_bc长度101与边界节点数33不匹配
警告: f_bc长度101与边界节点数33不匹配
警告: f_bc长度101与边界节点数33不匹配
警告: f_bc长度101与边界节点数33不匹配
警告: f_bc长度101与边界节点数33不匹配
警告: f_bc长度101与边界节点数33不匹配
警告: f_bc长度101与边界节点数33不匹配
警告: f_bc长度101与边界节点数33不匹配
警告: f_bc长度101与边界节点数33不匹配
警告: f_bc长度101与边界节点数33不匹配
警告: f_bc长度101与边界节点数33不匹配
警告: f_bc长度101与边界节点数33不匹配
警告: f_bc长度101与边界节点数33不匹配
警告: f_bc长度101与边界节点数33不匹配
警告: f_bc长度101与边界节点数33不匹配
警告: f_bc长度101与边界节点数33不匹配
警告: f_bc长度101与边界节点数33不匹配
警告: f_bc长度101与边界节点数33不匹配
警告: f_bc长度101与边界节点数33不匹配
警告: f_bc长度101与边界节点数33不匹配
警告: f_bc长度101与边界节点数33不匹配
警告: f_bc长度101与边界节点数33不匹配
警告: f_bc长度101与边界节点数33不匹配
警告: f_bc长度101与边界节点数33不匹配
警告: f_bc长度101与边界节点数33不匹配
警告: f_bc长度101与边界节点数33不匹配
警告: f_bc长度101与边界节点数33不匹配
警告: f_bc长度101与边界节点数33不匹配
警告: f_bc长度101与边界节点数33不匹配
警告: f_bc长度101与边界节点数33不匹配
警告: f_bc长度101与边界节点数33不匹配
警告: f_bc长度101与边界节点数33不匹配
警告: f_bc长度101与边界节点数33不匹配
警告: f_bc长度101与边界节点数33不匹配
警告: f_bc长度101与边界节点数33不匹配
警告: f_bc长度101与边界节点数33不匹配
警告: f_bc长度101与边界节点数33不匹配
警告: f_bc长度101与边界节点数33不匹配
警告: f_bc长度101与边界节点数33不匹配
警告: f_bc长度101与边界节点数33不匹配
警告: f_bc长度101与边界节点数33不匹配
警告: f_bc长度101与边界节点数33不匹配
警告: f_bc长度101与边界节点数33不匹配
警告: f_bc长度101与边界节点数33不匹配
警告: f_bc长度101与边界节点数33不匹配
警告: f_bc长度101与边界节点数33不匹配
警告: f_bc长度101与边界节点数33不匹配
警告: f_bc长度101与边界节点数33不匹配
警告: f_bc长度101与边界节点数33不匹配
警告: f_bc长度101与边界节点数33不匹配
警告: f_bc长度101与边界节点数33不匹配
警告: f_bc长度101与边界节点数33不匹配
警告: f_bc长度101与边界节点数33不匹配
警告: f_bc长度101与边界节点数33不匹配
警告: f_bc长度101与边界节点数33不匹配
警告: f_bc长度101与边界节点数33不匹配
警告: f_bc长度101与边界节点数33不匹配
警告: f_bc长度101与边界节点数33不匹配
警告: f_bc长度101与边界节点数33不匹配
警告: f_bc长度101与边界节点数33不匹配
警告: f_bc长度101与边界节点数33不匹配
警告: f_bc长度101与边界节点数33不匹配
警告: f_bc长度101与边界节点数33不匹配
警告: f_bc长度101与边界节点数33不匹配
警告: f_bc长度101与边界节点数33不匹配
警告: f_bc长度101与边界节点数33不匹配
警告: f_bc长度101与边界节点数33不匹配
警告: f_bc长度101与边界节点数33不匹配
警告: f_bc长度101与边界节点数33不匹配
警告: f_bc长度101与边界节点数33不匹配
警告: f_bc长度101与边界节点数33不匹配
警告: f_bc长度101与边界节点数33不匹配
警告: f_bc长度101与边界节点数33不匹配
警告: f_bc长度101与边界节点数33不匹配
警告: f_bc长度101与边界节点数33不匹配
警告: f_bc长度101与边界节点数33不匹配
警告: f_bc长度101与边界节点数33不匹配
警告: f_bc长度101与边界节点数33不匹配
警告: f_bc长度101与边界节点数33不匹配
警告: f_bc长度101与边界节点数33不匹配
警告: f_bc长度101与边界节点数33不匹配
警告: f_bc长度101与边界节点数33不匹配
警告: f_bc长度101与边界节点数33不匹配
警告: f_bc长度101与边界节点数33不匹配
警告: f_bc长度101与边界节点数33不匹配
警告: f_bc长度101与边界节点数33不匹配
警告: f_bc长度101与边界节点数33不匹配
警告: f_bc长度101与边界节点数33不匹配
警告: f_bc长度101与边界节点数33不匹配
警告: f_bc长度101与边界节点数33不匹配
警告: f_bc长度101与边界节点数33不匹配
警告: f_bc长度101与边界节点数33不匹配
警告: f_bc长度101与边界节点数33不匹配
警告: f_bc长度101与边界节点数33不匹配
警告: f_bc长度101与边界节点数33不匹配
警告: f_bc长度101与边界节点数33不匹配
警告: f_bc长度101与边界节点数33不匹配
警告: f_bc长度101与边界节点数33不匹配
警告: f_bc长度101与边界节点数33不匹配
警告: f_bc长度101与边界节点数33不匹配
警告: f_bc长度101与边界节点数33不匹配
警告: f_bc长度101与边界节点数33不匹配
警告: f_bc长度101与边界节点数33不匹配
警告: f_bc长度101与边界节点数33不匹配
警告: f_bc长度101与边界节点数33不匹配
警告: f_bc长度101与边界节点数33不匹配
警告: f_bc长度101与边界节点数33不匹配
警告: f_bc长度101与边界节点数33不匹配
警告: f_bc长度101与边界节点数33不匹配
警告: f_bc长度101与边界节点数33不匹配
警告: f_bc长度101与边界节点数33不匹配
警告: f_bc长度101与边界节点数33不匹配
警告: f_bc长度101与边界节点数33不匹配
警告: f_bc长度101与边界节点数33不匹配
警告: f_bc长度101与边界节点数33不匹配
警告: f_bc长度101与边界节点数33不匹配
警告: f_bc长度101与边界节点数33不匹配
警告: f_bc长度101与边界节点数33不匹配
警告: f_bc长度101与边界节点数33不匹配
警告: f_bc长度101与边界节点数33不匹配
警告: f_bc长度101与边界节点数33不匹配
警告: f_bc长度101与边界节点数33不匹配
警告: f_bc长度101与边界节点数33不匹配
警告: f_bc长度101与边界节点数33不匹配
警告: f_bc长度101与边界节点数33不匹配
警告: f_bc长度101与边界节点数33不匹配
警告: f_bc长度101与边界节点数33不匹配
警告: f_bc长度101与边界节点数33不匹配
警告: f_bc长度101与边界节点数33不匹配
警告: f_bc长度101与边界节点数33不匹配
警告: f_bc长度101与边界节点数33不匹配
警告: f_bc长度101与边界节点数33不匹配
警告: f_bc长度101与边界节点数33不匹配
警告: f_bc长度101与边界节点数33不匹配
警告: f_bc长度101与边界节点数33不匹配
警告: f_bc长度101与边界节点数33不匹配
警告: f_bc长度101与边界节点数33不匹配
警告: f_bc长度101与边界节点数33不匹配
警告: f_bc长度101与边界节点数33不匹配
警告: f_bc长度101与边界节点数33不匹配
警告: f_bc长度101与边界节点数33不匹配
警告: f_bc长度101与边界节点数33不匹配
警告: f_bc长度101与边界节点数33不匹配
警告: f_bc长度101与边界节点数33不匹配
警告: f_bc长度101与边界节点数33不匹配
警告: f_bc长度101与边界节点数33不匹配
警告: f_bc长度101与边界节点数33不匹配
警告: f_bc长度101与边界节点数33不匹配
警告: f_bc长度101与边界节点数33不匹配
警告: f_bc长度101与边界节点数33不匹配
警告: f_bc长度101与边界节点数33不匹配
警告: f_bc长度101与边界节点数33不匹配
警告: f_bc长度101与边界节点数33不匹配
警告: f_bc长度101与边界节点数33不匹配
警告: f_bc长度101与边界节点数33不匹配
警告: f_bc长度101与边界节点数33不匹配
警告: f_bc长度101与边界节点数33不匹配
警告: f_bc长度101与边界节点数33不匹配
警告: f_bc长度101与边界节点数33不匹配
警告: f_bc长度101与边界节点数33不匹配
警告: f_bc长度101与边界节点数33不匹配
警告: f_bc长度101与边界节点数33不匹配
警告: f_bc长度101与边界节点数33不匹配
警告: f_bc长度101与边界节点数33不匹配
警告: f_bc长度101与边界节点数33不匹配
警告: f_bc长度101与边界节点数33不匹配
警告: f_bc长度101与边界节点数33不匹配
警告: f_bc长度101与边界节点数33不匹配
警告: f_bc长度101与边界节点数33不匹配
警告: f_bc长度101与边界节点数33不匹配
警告: f_bc长度101与边界节点数33不匹配
警告: f_bc长度101与边界节点数33不匹配
警告: f_bc长度101与边界节点数33不匹配
警告: f_bc长度101与边界节点数33不匹配
警告: f_bc长度101与边界节点数33不匹配
警告: f_bc长度101与边界节点数33不匹配
警告: f_bc长度101与边界节点数33不匹配
警告: f_bc长度101与边界节点数33不匹配
警告: f_bc长度101与边界节点数33不匹配
警告: f_bc长度101与边界节点数33不匹配
警告: f_bc长度101与边界节点数33不匹配
警告: f_bc长度101与边界节点数33不匹配
警告: f_bc长度101与边界节点数33不匹配
警告: f_bc长度101与边界节点数33不匹配
警告: f_bc长度101与边界节点数33不匹配
警告: f_bc长度101与边界节点数33不匹配
警告: f_bc长度101与边界节点数33不匹配
警告: f_bc长度101与边界节点数33不匹配
警告: f_bc长度101与边界节点数33不匹配
警告: f_bc长度101与边界节点数33不匹配
警告: f_bc长度101与边界节点数33不匹配
警告: f_bc长度101与边界节点数33不匹配
警告: f_bc长度101与边界节点数33不匹配
警告: f_bc长度101与边界节点数33不匹配
警告: f_bc长度101与边界节点数33不匹配
警告: f_bc长度101与边界节点数33不匹配
警告: f_bc长度101与边界节点数33不匹配
警告: f_bc长度101与边界节点数33不匹配
警告: f_bc长度101与边界节点数33不匹配
警告: f_bc长度101与边界节点数33不匹配
警告: f_bc长度101与边界节点数33不匹配
警告: f_bc长度101与边界节点数33不匹配
警告: f_bc长度101与边界节点数33不匹配
警告: f_bc长度101与边界节点数33不匹配
警告: f_bc长度101与边界节点数33不匹配
警告: f_bc长度101与边界节点数33不匹配
警告: f_bc长度101与边界节点数33不匹配
警告: f_bc长度101与边界节点数33不匹配
警告: f_bc长度101与边界节点数33不匹配
警告: f_bc长度101与边界节点数33不匹配
警告: f_bc长度101与边界节点数33不匹配
警告: f_bc长度101与边界节点数33不匹配
警告: f_bc长度101与边界节点数33不匹配
警告: f_bc长度101与边界节点数33不匹配
警告: f_bc长度101与边界节点数33不匹配
警告: f_bc长度101与边界节点数33不匹配
警告: f_bc长度101与边界节点数33不匹配
警告: f_bc长度101与边界节点数33不匹配
警告: f_bc长度101与边界节点数33不匹配
警告: f_bc长度101与边界节点数33不匹配
警告: f_bc长度101与边界节点数33不匹配
警告: f_bc长度101与边界节点数33不匹配
警告: f_bc长度101与边界节点数33不匹配
警告: f_bc长度101与边界节点数33不匹配
警告: f_bc长度101与边界节点数33不匹配
警告: f_bc长度101与边界节点数33不匹配
警告: f_bc长度101与边界节点数33不匹配
警告: f_bc长度101与边界节点数33不匹配
警告: f_bc长度101与边界节点数33不匹配
警告: f_bc长度101与边界节点数33不匹配
警告: f_bc长度101与边界节点数33不匹配
警告: f_bc长度101与边界节点数33不匹配
警告: f_bc长度101与边界节点数33不匹配
警告: f_bc长度101与边界节点数33不匹配
警告: f_bc长度101与边界节点数33不匹配
警告: f_bc长度101与边界节点数33不匹配
警告: f_bc长度101与边界节点数33不匹配
警告: f_bc长度101与边界节点数33不匹配
警告: f_bc长度101与边界节点数33不匹配
警告: f_bc长度101与边界节点数33不匹配
警告: f_bc长度101与边界节点数33不匹配
警告: f_bc长度101与边界节点数33不匹配
警告: f_bc长度101与边界节点数33不匹配
警告: f_bc长度101与边界节点数33不匹配
警告: f_bc长度101与边界节点数33不匹配
警告: f_bc长度101与边界节点数33不匹配
警告: f_bc长度101与边界节点数33不匹配
警告: f_bc长度101与边界节点数33不匹配
警告: f_bc长度101与边界节点数33不匹配
警告: f_bc长度101与边界节点数33不匹配
警告: f_bc长度101与边界节点数33不匹配
警告: f_bc长度101与边界节点数33不匹配
警告: f_bc长度101与边界节点数33不匹配
警告: f_bc长度101与边界节点数33不匹配
警告: f_bc长度101与边界节点数33不匹配
警告: f_bc长度101与边界节点数33不匹配
警告: f_bc长度101与边界节点数33不匹配
警告: f_bc长度101与边界节点数33不匹配
警告: f_bc长度101与边界节点数33不匹配
警告: f_bc长度101与边界节点数33不匹配
警告: f_bc长度101与边界节点数33不匹配
警告: f_bc长度101与边界节点数33不匹配
警告: f_bc长度101与边界节点数33不匹配
警告: f_bc长度101与边界节点数33不匹配
警告: f_bc长度101与边界节点数33不匹配
警告: f_bc长度101与边界节点数33不匹配
警告: f_bc长度101与边界节点数33不匹配
警告: f_bc长度101与边界节点数33不匹配
警告: f_bc长度101与边界节点数33不匹配
警告: f_bc长度101与边界节点数33不匹配
警告: f_bc长度101与边界节点数33不匹配
警告: f_bc长度101与边界节点数33不匹配
警告: f_bc长度101与边界节点数33不匹配
警告: f_bc长度101与边界节点数33不匹配
警告: f_bc长度101与边界节点数33不匹配
警告: f_bc长度101与边界节点数33不匹配
警告: f_bc长度101与边界节点数33不匹配
警告: f_bc长度101与边界节点数33不匹配
警告: f_bc长度101与边界节点数33不匹配
警告: f_bc长度101与边界节点数33不匹配
警告: f_bc长度101与边界节点数33不匹配
警告: f_bc长度101与边界节点数33不匹配
警告: f_bc长度101与边界节点数33不匹配
警告: f_bc长度101与边界节点数33不匹配
警告: f_bc长度101与边界节点数33不匹配
警告: f_bc长度101与边界节点数33不匹配
警告: f_bc长度101与边界节点数33不匹配
警告: f_bc长度101与边界节点数33不匹配
警告: f_bc长度101与边界节点数33不匹配
警告: f_bc长度101与边界节点数33不匹配
警告: f_bc长度101与边界节点数33不匹配
警告: f_bc长度101与边界节点数33不匹配
警告: f_bc长度101与边界节点数33不匹配
警告: f_bc长度101与边界节点数33不匹配
警告: f_bc长度101与边界节点数33不匹配
警告: f_bc长度101与边界节点数33不匹配
警告: f_bc长度101与边界节点数33不匹配
警告: f_bc长度101与边界节点数33不匹配
警告: f_bc长度101与边界节点数33不匹配
警告: f_bc长度101与边界节点数33不匹配
警告: f_bc长度101与边界节点数33不匹配
警告: f_bc长度101与边界节点数33不匹配
警告: f_bc长度101与边界节点数33不匹配
警告: f_bc长度101与边界节点数33不匹配
警告: f_bc长度101与边界节点数33不匹配
警告: f_bc长度101与边界节点数33不匹配
警告: f_bc长度101与边界节点数33不匹配
警告: f_bc长度101与边界节点数33不匹配
警告: f_bc长度101与边界节点数33不匹配
警告: f_bc长度101与边界节点数33不匹配
警告: f_bc长度101与边界节点数33不匹配
警告: f_bc长度101与边界节点数33不匹配
警告: f_bc长度101与边界节点数33不匹配
警告: f_bc长度101与边界节点数33不匹配
警告: f_bc长度101与边界节点数33不匹配
警告: f_bc长度101与边界节点数33不匹配
警告: f_bc长度101与边界节点数33不匹配
警告: f_bc长度101与边界节点数33不匹配
警告: f_bc长度101与边界节点数33不匹配
警告: f_bc长度101与边界节点数33不匹配
警告: f_bc长度101与边界节点数33不匹配
警告: f_bc长度101与边界节点数33不匹配
警告: f_bc长度101与边界节点数33不匹配
警告: f_bc长度101与边界节点数33不匹配
警告: f_bc长度101与边界节点数33不匹配
警告: f_bc长度101与边界节点数33不匹配
警告: f_bc长度101与边界节点数33不匹配
警告: f_bc长度101与边界节点数33不匹配
警告: f_bc长度101与边界节点数33不匹配
警告: f_bc长度101与边界节点数33不匹配
警告: f_bc长度101与边界节点数33不匹配
警告: f_bc长度101与边界节点数33不匹配
警告: f_bc长度101与边界节点数33不匹配
警告: f_bc长度101与边界节点数33不匹配
警告: f_bc长度101与边界节点数33不匹配
警告: f_bc长度101与边界节点数33不匹配
警告: f_bc长度101与边界节点数33不匹配
警告: f_bc长度101与边界节点数33不匹配
警告: f_bc长度101与边界节点数33不匹配
警告: f_bc长度101与边界节点数33不匹配
警告: f_bc长度101与边界节点数33不匹配
警告: f_bc长度101与边界节点数33不匹配
警告: f_bc长度101与边界节点数33不匹配
警告: f_bc长度101与边界节点数33不匹配
警告: f_bc长度101与边界节点数33不匹配
警告: f_bc长度101与边界节点数33不匹配
警告: f_bc长度101与边界节点数33不匹配
警告: f_bc长度101与边界节点数33不匹配
警告: f_bc长度101与边界节点数33不匹配
警告: f_bc长度101与边界节点数33不匹配
警告: f_bc长度101与边界节点数33不匹配
警告: f_bc长度101与边界节点数33不匹配
警告: f_bc长度101与边界节点数33不匹配
警告: f_bc长度101与边界节点数33不匹配
警告: f_bc长度101与边界节点数33不匹配
警告: f_bc长度101与边界节点数33不匹配
警告: f_bc长度101与边界节点数33不匹配
警告: f_bc长度101与边界节点数33不匹配
警告: f_bc长度101与边界节点数33不匹配
警告: f_bc长度101与边界节点数33不匹配
警告: f_bc长度101与边界节点数33不匹配
警告: f_bc长度101与边界节点数33不匹配
警告: f_bc长度101与边界节点数33不匹配
警告: f_bc长度101与边界节点数33不匹配
警告: f_bc长度101与边界节点数33不匹配
警告: f_bc长度101与边界节点数33不匹配
警告: f_bc长度101与边界节点数33不匹配
警告: f_bc长度101与边界节点数33不匹配
警告: f_bc长度101与边界节点数33不匹配
警告: f_bc长度101与边界节点数33不匹配
警告: f_bc长度101与边界节点数33不匹配
警告: f_bc长度101与边界节点数33不匹配
警告: f_bc长度101与边界节点数33不匹配
警告: f_bc长度101与边界节点数33不匹配
警告: f_bc长度101与边界节点数33不匹配
警告: f_bc长度101与边界节点数33不匹配
警告: f_bc长度101与边界节点数33不匹配
警告: f_bc长度101与边界节点数33不匹配
警告: f_bc长度101与边界节点数33不匹配
警告: f_bc长度101与边界节点数33不匹配
警告: f_bc长度101与边界节点数33不匹配
警告: f_bc长度101与边界节点数33不匹配
警告: f_bc长度101与边界节点数33不匹配
警告: f_bc长度101与边界节点数33不匹配
警告: f_bc长度101与边界节点数33不匹配
警告: f_bc长度101与边界节点数33不匹配
警告: f_bc长度101与边界节点数33不匹配
警告: f_bc长度101与边界节点数33不匹配
警告: f_bc长度101与边界节点数33不匹配
警告: f_bc长度101与边界节点数33不匹配
警告: f_bc长度101与边界节点数33不匹配
警告: f_bc长度101与边界节点数33不匹配
警告: f_bc长度101与边界节点数33不匹配
警告: f_bc长度101与边界节点数33不匹配
警告: f_bc长度101与边界节点数33不匹配
警告: f_bc长度101与边界节点数33不匹配
警告: f_bc长度101与边界节点数33不匹配
警告: f_bc长度101与边界节点数33不匹配
警告: f_bc长度101与边界节点数33不匹配
警告: f_bc长度101与边界节点数33不匹配
警告: f_bc长度101与边界节点数33不匹配
警告: f_bc长度101与边界节点数33不匹配
警告: f_bc长度101与边界节点数33不匹配
警告: f_bc长度101与边界节点数33不匹配
警告: f_bc长度101与边界节点数33不匹配
警告: f_bc长度101与边界节点数33不匹配
警告: f_bc长度101与边界节点数33不匹配
警告: f_bc长度101与边界节点数33不匹配
警告: f_bc长度101与边界节点数33不匹配
警告: f_bc长度101与边界节点数33不匹配
警告: f_bc长度101与边界节点数33不匹配
警告: f_bc长度101与边界节点数33不匹配
警告: f_bc长度101与边界节点数33不匹配
警告: f_bc长度101与边界节点数33不匹配
警告: f_bc长度101与边界节点数33不匹配
警告: f_bc长度101与边界节点数33不匹配
警告: f_bc长度101与边界节点数33不匹配
警告: f_bc长度101与边界节点数33不匹配
警告: f_bc长度101与边界节点数33不匹配
警告: f_bc长度101与边界节点数33不匹配
警告: f_bc长度101与边界节点数33不匹配
警告: f_bc长度101与边界节点数33不匹配
警告: f_bc长度101与边界节点数33不匹配
警告: f_bc长度101与边界节点数33不匹配
警告: f_bc长度101与边界节点数33不匹配
警告: f_bc长度101与边界节点数33不匹配
警告: f_bc长度101与边界节点数33不匹配
警告: f_bc长度101与边界节点数33不匹配
警告: f_bc长度101与边界节点数33不匹配
警告: f_bc长度101与边界节点数33不匹配
警告: f_bc长度101与边界节点数33不匹配
警告: f_bc长度101与边界节点数33不匹配
警告: f_bc长度101与边界节点数33不匹配
警告: f_bc长度101与边界节点数33不匹配
警告: f_bc长度101与边界节点数33不匹配
警告: f_bc长度101与边界节点数33不匹配
警告: f_bc长度101与边界节点数33不匹配
警告: f_bc长度101与边界节点数33不匹配
警告: f_bc长度101与边界节点数33不匹配
警告: f_bc长度101与边界节点数33不匹配
警告: f_bc长度101与边界节点数33不匹配
警告: f_bc长度101与边界节点数33不匹配
警告: f_bc长度101与边界节点数33不匹配
警告: f_bc长度101与边界节点数33不匹配
警告: f_bc长度101与边界节点数33不匹配
警告: f_bc长度101与边界节点数33不匹配
警告: f_bc长度101与边界节点数33不匹配
警告: f_bc长度101与边界节点数33不匹配
警告: f_bc长度101与边界节点数33不匹配
警告: f_bc长度101与边界节点数33不匹配
警告: f_bc长度101与边界节点数33不匹配
警告: f_bc长度101与边界节点数33不匹配
警告: f_bc长度101与边界节点数33不匹配
警告: f_bc长度101与边界节点数33不匹配
警告: f_bc长度101与边界节点数33不匹配
警告: f_bc长度101与边界节点数33不匹配
警告: f_bc长度101与边界节点数33不匹配
警告: f_bc长度101与边界节点数33不匹配
警告: f_bc长度101与边界节点数33不匹配
警告: f_bc长度101与边界节点数33不匹配
警告: f_bc长度101与边界节点数33不匹配
警告: f_bc长度101与边界节点数33不匹配
警告: f_bc长度101与边界节点数33不匹配
警告: f_bc长度101与边界节点数33不匹配
警告: f_bc长度101与边界节点数33不匹配
警告: f_bc长度101与边界节点数33不匹配
警告: f_bc长度101与边界节点数33不匹配
警告: f_bc长度101与边界节点数33不匹配
警告: f_bc长度101与边界节点数33不匹配
警告: f_bc长度101与边界节点数33不匹配
警告: f_bc长度101与边界节点数33不匹配
警告: f_bc长度101与边界节点数33不匹配
警告: f_bc长度101与边界节点数33不匹配
警告: f_bc长度101与边界节点数33不匹配
警告: f_bc长度101与边界节点数33不匹配
警告: f_bc长度101与边界节点数33不匹配
警告: f_bc长度101与边界节点数33不匹配
警告: f_bc长度101与边界节点数33不匹配
警告: f_bc长度101与边界节点数33不匹配
警告: f_bc长度101与边界节点数33不匹配
警告: f_bc长度101与边界节点数33不匹配
警告: f_bc长度101与边界节点数33不匹配
警告: f_bc长度101与边界节点数33不匹配
警告: f_bc长度101与边界节点数33不匹配
警告: f_bc长度101与边界节点数33不匹配
警告: f_bc长度101与边界节点数33不匹配
警告: f_bc长度101与边界节点数33不匹配
警告: f_bc长度101与边界节点数33不匹配
警告: f_bc长度101与边界节点数33不匹配
警告: f_bc长度101与边界节点数33不匹配
警告: f_bc长度101与边界节点数33不匹配
警告: f_bc长度101与边界节点数33不匹配
警告: f_bc长度101与边界节点数33不匹配
警告: f_bc长度101与边界节点数33不匹配
警告: f_bc长度101与边界节点数33不匹配
警告: f_bc长度101与边界节点数33不匹配
警告: f_bc长度101与边界节点数33不匹配
警告: f_bc长度101与边界节点数33不匹配
警告: f_bc长度101与边界节点数33不匹配
警告: f_bc长度101与边界节点数33不匹配
警告: f_bc长度101与边界节点数33不匹配
警告: f_bc长度101与边界节点数33不匹配
警告: f_bc长度101与边界节点数33不匹配
警告: f_bc长度101与边界节点数33不匹配
警告: f_bc长度101与边界节点数33不匹配
警告: f_bc长度101与边界节点数33不匹配
警告: f_bc长度101与边界节点数33不匹配
警告: f_bc长度101与边界节点数33不匹配
警告: f_bc长度101与边界节点数33不匹配
警告: f_bc长度101与边界节点数33不匹配
警告: f_bc长度101与边界节点数33不匹配
警告: f_bc长度101与边界节点数33不匹配
警告: f_bc长度101与边界节点数33不匹配
警告: f_bc长度101与边界节点数33不匹配
警告: f_bc长度101与边界节点数33不匹配
警告: f_bc长度101与边界节点数33不匹配
警告: f_bc长度101与边界节点数33不匹配
警告: f_bc长度101与边界节点数33不匹配
警告: f_bc长度101与边界节点数33不匹配
警告: f_bc长度101与边界节点数33不匹配
警告: f_bc长度101与边界节点数33不匹配
警告: f_bc长度101与边界节点数33不匹配
警告: f_bc长度101与边界节点数33不匹配
警告: f_bc长度101与边界节点数33不匹配
警告: f_bc长度101与边界节点数33不匹配
警告: f_bc长度101与边界节点数33不匹配
警告: f_bc长度101与边界节点数33不匹配
警告: f_bc长度101与边界节点数33不匹配
警告: f_bc长度101与边界节点数33不匹配
警告: f_bc长度101与边界节点数33不匹配
警告: f_bc长度101与边界节点数33不匹配
警告: f_bc长度101与边界节点数33不匹配
警告: f_bc长度101与边界节点数33不匹配
警告: f_bc长度101与边界节点数33不匹配
警告: f_bc长度101与边界节点数33不匹配
警告: f_bc长度101与边界节点数33不匹配
警告: f_bc长度101与边界节点数33不匹配
警告: f_bc长度101与边界节点数33不匹配
警告: f_bc长度101与边界节点数33不匹配
警告: f_bc长度101与边界节点数33不匹配
警告: f_bc长度101与边界节点数33不匹配
警告: f_bc长度101与边界节点数33不匹配
警告: f_bc长度101与边界节点数33不匹配
警告: f_bc长度101与边界节点数33不匹配
警告: f_bc长度101与边界节点数33不匹配
警告: f_bc长度101与边界节点数33不匹配
警告: f_bc长度101与边界节点数33不匹配
警告: f_bc长度101与边界节点数33不匹配
警告: f_bc长度101与边界节点数33不匹配
警告: f_bc长度101与边界节点数33不匹配
警告: f_bc长度101与边界节点数33不匹配
警告: f_bc长度101与边界节点数33不匹配
警告: f_bc长度101与边界节点数33不匹配
警告: f_bc长度101与边界节点数33不匹配
警告: f_bc长度101与边界节点数33不匹配
警告: f_bc长度101与边界节点数33不匹配
警告: f_bc长度101与边界节点数33不匹配
警告: f_bc长度101与边界节点数33不匹配
警告: f_bc长度101与边界节点数33不匹配
警告: f_bc长度101与边界节点数33不匹配
警告: f_bc长度101与边界节点数33不匹配
警告: f_bc长度101与边界节点数33不匹配
警告: f_bc长度101与边界节点数33不匹配
警告: f_bc长度101与边界节点数33不匹配
警告: f_bc长度101与边界节点数33不匹配
警告: f_bc长度101与边界节点数33不匹配
警告: f_bc长度101与边界节点数33不匹配
警告: f_bc长度101与边界节点数33不匹配
警告: f_bc长度101与边界节点数33不匹配
警告: f_bc长度101与边界节点数33不匹配
警告: f_bc长度101与边界节点数33不匹配
警告: f_bc长度101与边界节点数33不匹配
警告: f_bc长度101与边界节点数33不匹配
警告: f_bc长度101与边界节点数33不匹配
警告: f_bc长度101与边界节点数33不匹配
警告: f_bc长度101与边界节点数33不匹配
警告: f_bc长度101与边界节点数33不匹配
警告: f_bc长度101与边界节点数33不匹配
警告: f_bc长度101与边界节点数33不匹配
警告: f_bc长度101与边界节点数33不匹配
警告: f_bc长度101与边界节点数33不匹配
警告: f_bc长度101与边界节点数33不匹配
警告: f_bc长度101与边界节点数33不匹配
警告: f_bc长度101与边界节点数33不匹配
警告: f_bc长度101与边界节点数33不匹配
警告: f_bc长度101与边界节点数33不匹配
警告: f_bc长度101与边界节点数33不匹配
警告: f_bc长度101与边界节点数33不匹配
警告: f_bc长度101与边界节点数33不匹配
警告: f_bc长度101与边界节点数33不匹配
警告: f_bc长度101与边界节点数33不匹配
警告: f_bc长度101与边界节点数33不匹配
警告: f_bc长度101与边界节点数33不匹配
警告: f_bc长度101与边界节点数33不匹配
警告: f_bc长度101与边界节点数33不匹配
警告: f_bc长度101与边界节点数33不匹配
警告: f_bc长度101与边界节点数33不匹配
警告: f_bc长度101与边界节点数33不匹配
警告: f_bc长度101与边界节点数33不匹配
警告: f_bc长度101与边界节点数33不匹配
警告: f_bc长度101与边界节点数33不匹配
警告: f_bc长度101与边界节点数33不匹配
警告: f_bc长度101与边界节点数33不匹配
警告: f_bc长度101与边界节点数33不匹配
警告: f_bc长度101与边界节点数33不匹配
警告: f_bc长度101与边界节点数33不匹配
警告: f_bc长度101与边界节点数33不匹配
警告: f_bc长度101与边界节点数33不匹配
警告: f_bc长度101与边界节点数33不匹配
警告: f_bc长度101与边界节点数33不匹配
警告: f_bc长度101与边界节点数33不匹配
警告: f_bc长度101与边界节点数33不匹配
警告: f_bc长度101与边界节点数33不匹配
警告: f_bc长度101与边界节点数33不匹配
警告: f_bc长度101与边界节点数33不匹配
警告: f_bc长度101与边界节点数33不匹配
警告: f_bc长度101与边界节点数33不匹配
警告: f_bc长度101与边界节点数33不匹配
警告: f_bc长度101与边界节点数33不匹配
警告: f_bc长度101与边界节点数33不匹配
警告: f_bc长度101与边界节点数33不匹配
警告: f_bc长度101与边界节点数33不匹配
警告: f_bc长度101与边界节点数33不匹配
警告: f_bc长度101与边界节点数33不匹配
警告: f_bc长度101与边界节点数33不匹配
警告: f_bc长度101与边界节点数33不匹配
警告: f_bc长度101与边界节点数33不匹配
警告: f_bc长度101与边界节点数33不匹配
警告: f_bc长度101与边界节点数33不匹配
警告: f_bc长度101与边界节点数33不匹配
警告: f_bc长度101与边界节点数33不匹配
警告: f_bc长度101与边界节点数33不匹配
警告: f_bc长度101与边界节点数33不匹配
警告: f_bc长度101与边界节点数33不匹配
警告: f_bc长度101与边界节点数33不匹配
警告: f_bc长度101与边界节点数33不匹配
警告: f_bc长度101与边界节点数33不匹配
警告: f_bc长度101与边界节点数33不匹配
警告: f_bc长度101与边界节点数33不匹配
警告: f_bc长度101与边界节点数33不匹配
警告: f_bc长度101与边界节点数33不匹配
警告: f_bc长度101与边界节点数33不匹配
警告: f_bc长度101与边界节点数33不匹配
警告: f_bc长度101与边界节点数33不匹配
警告: f_bc长度101与边界节点数33不匹配
警告: f_bc长度101与边界节点数33不匹配
警告: f_bc长度101与边界节点数33不匹配
警告: f_bc长度101与边界节点数33不匹配
警告: f_bc长度101与边界节点数33不匹配
警告: f_bc长度101与边界节点数33不匹配
警告: f_bc长度101与边界节点数33不匹配
警告: f_bc长度101与边界节点数33不匹配
警告: f_bc长度101与边界节点数33不匹配
警告: f_bc长度101与边界节点数33不匹配
警告: f_bc长度101与边界节点数33不匹配
警告: f_bc长度101与边界节点数33不匹配
警告: f_bc长度101与边界节点数33不匹配
警告: f_bc长度101与边界节点数33不匹配
警告: f_bc长度101与边界节点数33不匹配
警告: f_bc长度101与边界节点数33不匹配
警告: f_bc长度101与边界节点数33不匹配
警告: f_bc长度101与边界节点数33不匹配
警告: f_bc长度101与边界节点数33不匹配
警告: f_bc长度101与边界节点数33不匹配
警告: f_bc长度101与边界节点数33不匹配
警告: f_bc长度101与边界节点数33不匹配
警告: f_bc长度101与边界节点数33不匹配
警告: f_bc长度101与边界节点数33不匹配
警告: f_bc长度101与边界节点数33不匹配
警告: f_bc长度101与边界节点数33不匹配
警告: f_bc长度101与边界节点数33不匹配
警告: f_bc长度101与边界节点数33不匹配
警告: f_bc长度101与边界节点数33不匹配
警告: f_bc长度101与边界节点数33不匹配
警告: f_bc长度101与边界节点数33不匹配
警告: f_bc长度101与边界节点数33不匹配
警告: f_bc长度101与边界节点数33不匹配
警告: f_bc长度101与边界节点数33不匹配
警告: f_bc长度101与边界节点数33不匹配
警告: f_bc长度101与边界节点数33不匹配
警告: f_bc长度101与边界节点数33不匹配
警告: f_bc长度101与边界节点数33不匹配
警告: f_bc长度101与边界节点数33不匹配
警告: f_bc长度101与边界节点数33不匹配
警告: f_bc长度101与边界节点数33不匹配
警告: f_bc长度101与边界节点数33不匹配
警告: f_bc长度101与边界节点数33不匹配
警告: f_bc长度101与边界节点数33不匹配
警告: f_bc长度101与边界节点数33不匹配
警告: f_bc长度101与边界节点数33不匹配
警告: f_bc长度101与边界节点数33不匹配
警告: f_bc长度101与边界节点数33不匹配
警告: f_bc长度101与边界节点数33不匹配
警告: f_bc长度101与边界节点数33不匹配
警告: f_bc长度101与边界节点数33不匹配
警告: f_bc长度101与边界节点数33不匹配
警告: f_bc长度101与边界节点数33不匹配
警告: f_bc长度101与边界节点数33不匹配
警告: f_bc长度101与边界节点数33不匹配
警告: f_bc长度101与边界节点数33不匹配
警告: f_bc长度101与边界节点数33不匹配
警告: f_bc长度101与边界节点数33不匹配
警告: f_bc长度101与边界节点数33不匹配
警告: f_bc长度101与边界节点数33不匹配
警告: f_bc长度101与边界节点数33不匹配
警告: f_bc长度101与边界节点数33不匹配
警告: f_bc长度101与边界节点数33不匹配
警告: f_bc长度101与边界节点数33不匹配
警告: f_bc长度101与边界节点数33不匹配
警告: f_bc长度101与边界节点数33不匹配
警告: f_bc长度101与边界节点数33不匹配
警告: f_bc长度101与边界节点数33不匹配
警告: f_bc长度101与边界节点数33不匹配
警告: f_bc长度101与边界节点数33不匹配
警告: f_bc长度101与边界节点数33不匹配
警告: f_bc长度101与边界节点数33不匹配
警告: f_bc长度101与边界节点数33不匹配
警告: f_bc长度101与边界节点数33不匹配
警告: f_bc长度101与边界节点数33不匹配
警告: f_bc长度101与边界节点数33不匹配
警告: f_bc长度101与边界节点数33不匹配
警告: f_bc长度101与边界节点数33不匹配
警告: f_bc长度101与边界节点数33不匹配
警告: f_bc长度101与边界节点数33不匹配
警告: f_bc长度101与边界节点数33不匹配
警告: f_bc长度101与边界节点数33不匹配
警告: f_bc长度101与边界节点数33不匹配
警告: f_bc长度101与边界节点数33不匹配
警告: f_bc长度101与边界节点数33不匹配
警告: f_bc长度101与边界节点数33不匹配
警告: f_bc长度101与边界节点数33不匹配
警告: f_bc长度101与边界节点数33不匹配
警告: f_bc长度101与边界节点数33不匹配
警告: f_bc长度101与边界节点数33不匹配
警告: f_bc长度101与边界节点数33不匹配
警告: f_bc长度101与边界节点数33不匹配
警告: f_bc长度101与边界节点数33不匹配
警告: f_bc长度101与边界节点数33不匹配
警告: f_bc长度101与边界节点数33不匹配
警告: f_bc长度101与边界节点数33不匹配
警告: f_bc长度101与边界节点数33不匹配
警告: f_bc长度101与边界节点数33不匹配
警告: f_bc长度101与边界节点数33不匹配
警告: f_bc长度101与边界节点数33不匹配
警告: f_bc长度101与边界节点数33不匹配
警告: f_bc长度101与边界节点数33不匹配
警告: f_bc长度101与边界节点数33不匹配
警告: f_bc长度101与边界节点数33不匹配
警告: f_bc长度101与边界节点数33不匹配
警告: f_bc长度101与边界节点数33不匹配
警告: f_bc长度101与边界节点数33不匹配
警告: f_bc长度101与边界节点数33不匹配
警告: f_bc长度101与边界节点数33不匹配
警告: f_bc长度101与边界节点数33不匹配
警告: f_bc长度101与边界节点数33不匹配
警告: f_bc长度101与边界节点数33不匹配
警告: f_bc长度101与边界节点数33不匹配
警告: f_bc长度101与边界节点数33不匹配
警告: f_bc长度101与边界节点数33不匹配
警告: f_bc长度101与边界节点数33不匹配
警告: f_bc长度101与边界节点数33不匹配
警告: f_bc长度101与边界节点数33不匹配
警告: f_bc长度101与边界节点数33不匹配
警告: f_bc长度101与边界节点数33不匹配
警告: f_bc长度101与边界节点数33不匹配
警告: f_bc长度101与边界节点数33不匹配
警告: f_bc长度101与边界节点数33不匹配
警告: f_bc长度101与边界节点数33不匹配
警告: f_bc长度101与边界节点数33不匹配
警告: f_bc长度101与边界节点数33不匹配
警告: f_bc长度101与边界节点数33不匹配
警告: f_bc长度101与边界节点数33不匹配
警告: f_bc长度101与边界节点数33不匹配
警告: f_bc长度101与边界节点数33不匹配
警告: f_bc长度101与边界节点数33不匹配
警告: f_bc长度101与边界节点数33不匹配
警告: f_bc长度101与边界节点数33不匹配
警告: f_bc长度101与边界节点数33不匹配
警告: f_bc长度101与边界节点数33不匹配
警告: f_bc长度101与边界节点数33不匹配
警告: f_bc长度101与边界节点数33不匹配
警告: f_bc长度101与边界节点数33不匹配
警告: f_bc长度101与边界节点数33不匹配
警告: f_bc长度101与边界节点数33不匹配
警告: f_bc长度101与边界节点数33不匹配
警告: f_bc长度101与边界节点数33不匹配
警告: f_bc长度101与边界节点数33不匹配
警告: f_bc长度101与边界节点数33不匹配
警告: f_bc长度101与边界节点数33不匹配
警告: f_bc长度101与边界节点数33不匹配
警告: f_bc长度101与边界节点数33不匹配
警告: f_bc长度101与边界节点数33不匹配
警告: f_bc长度101与边界节点数33不匹配
警告: f_bc长度101与边界节点数33不匹配
警告: f_bc长度101与边界节点数33不匹配
警告: f_bc长度101与边界节点数33不匹配
警告: f_bc长度101与边界节点数33不匹配
警告: f_bc长度101与边界节点数33不匹配
警告: f_bc长度101与边界节点数33不匹配
警告: f_bc长度101与边界节点数33不匹配
警告: f_bc长度101与边界节点数33不匹配
警告: f_bc长度101与边界节点数33不匹配
警告: f_bc长度101与边界节点数33不匹配
警告: f_bc长度101与边界节点数33不匹配
警告: f_bc长度101与边界节点数33不匹配
警告: f_bc长度101与边界节点数33不匹配
警告: f_bc长度101与边界节点数33不匹配
警告: f_bc长度101与边界节点数33不匹配
警告: f_bc长度101与边界节点数33不匹配
警告: f_bc长度101与边界节点数33不匹配
警告: f_bc长度101与边界节点数33不匹配
警告: f_bc长度101与边界节点数33不匹配
警告: f_bc长度101与边界节点数33不匹配
警告: f_bc长度101与边界节点数33不匹配
警告: f_bc长度101与边界节点数33不匹配
警告: f_bc长度101与边界节点数33不匹配
警告: f_bc长度101与边界节点数33不匹配
警告: f_bc长度101与边界节点数33不匹配
警告: f_bc长度101与边界节点数33不匹配
警告: f_bc长度101与边界节点数33不匹配
警告: f_bc长度101与边界节点数33不匹配
警告: f_bc长度101与边界节点数33不匹配
警告: f_bc长度101与边界节点数33不匹配
警告: f_bc长度101与边界节点数33不匹配
警告: f_bc长度101与边界节点数33不匹配
警告: f_bc长度101与边界节点数33不匹配
警告: f_bc长度101与边界节点数33不匹配
警告: f_bc长度101与边界节点数33不匹配
警告: f_bc长度101与边界节点数33不匹配
警告: f_bc长度101与边界节点数33不匹配
警告: f_bc长度101与边界节点数33不匹配
警告: f_bc长度101与边界节点数33不匹配
警告: f_bc长度101与边界节点数33不匹配
警告: f_bc长度101与边界节点数33不匹配
警告: f_bc长度101与边界节点数33不匹配
警告: f_bc长度101与边界节点数33不匹配
警告: f_bc长度101与边界节点数33不匹配
警告: f_bc长度101与边界节点数33不匹配
警告: f_bc长度101与边界节点数33不匹配
警告: f_bc长度101与边界节点数33不匹配
警告: f_bc长度101与边界节点数33不匹配
警告: f_bc长度101与边界节点数33不匹配
参数形状: train=(1900, 33, 3), test=(100, 33, 3)
training configuration
batchsize: 10
coordinate sampling frequency: 3
learning rate: 0.0001
BC weight 10
Number of PDE points: 872
No pre-trained model found.
Best L2 relative error: 3.4111974239349365
x-direction prescribed displacement loss inf
y-direction prescribed displacement loss: inf
hole prescribed displacement loss inf
free boundary condtion loss: inf
x-direction PDE residual loss: inf
y-direction PDE residual loss: inf
Best L2 relative error: 1.397024154663086
x-direction prescribed displacement loss 5.223573970408735e-05
y-direction prescribed displacement loss: 1.7305642792848908e-05
hole prescribed displacement loss 1.0203438564115874e-05
free boundary condtion loss: 0.006002810440290913
x-direction PDE residual loss: 0.0009804852754622265
y-direction PDE residual loss: 0.0011499837697439023
Best L2 relative error: 1.2312253713607788
x-direction prescribed displacement loss 5.2356104013745464e-05
y-direction prescribed displacement loss: 1.7348986934132005e-05
hole prescribed displacement loss 1.0878500470559715e-05
free boundary condtion loss: 2.8036189411660673e-07
x-direction PDE residual loss: 7.670837004603552e-08
y-direction PDE residual loss: 5.3087668703101845e-08
Best L2 relative error: 1.582340955734253
x-direction prescribed displacement loss 5.2198234999439874e-05
y-direction prescribed displacement loss: 1.7279032239921055e-05
hole prescribed displacement loss 1.082513206604116e-05
free boundary condtion loss: 5.009853425267134e-08
x-direction PDE residual loss: 1.4045643047267688e-08
y-direction PDE residual loss: 1.2255853914226083e-08
Best L2 relative error: 1.1265383958816528
x-direction prescribed displacement loss 5.210373659478296e-05
y-direction prescribed displacement loss: 1.7149691404289014e-05
hole prescribed displacement loss 1.0577524927460336e-05
free boundary condtion loss: 2.6284553012720152e-08
x-direction PDE residual loss: 6.688581742375518e-09
y-direction PDE residual loss: 5.493974889032806e-09
Best L2 relative error: 1.3690801858901978
x-direction prescribed displacement loss 5.198453855986829e-05
y-direction prescribed displacement loss: 1.7072718231172374e-05
hole prescribed displacement loss 1.038013566639906e-05
free boundary condtion loss: 1.3291129668049646e-08
x-direction PDE residual loss: 3.631627995942093e-09
y-direction PDE residual loss: 2.4211660897203625e-09
Best L2 relative error: 1.6782385110855103
x-direction prescribed displacement loss 5.188983400251923e-05
y-direction prescribed displacement loss: 1.7047207179661517e-05
hole prescribed displacement loss 1.0264296613868296e-05
free boundary condtion loss: 1.0423904349076926e-08
x-direction PDE residual loss: 2.4657895533825784e-09
y-direction PDE residual loss: 1.5698290162992915e-09
Best L2 relative error: 1.4499120712280273
x-direction prescribed displacement loss 5.180746475175191e-05
y-direction prescribed displacement loss: 1.7022655417114896e-05
hole prescribed displacement loss 1.0241964621029997e-05
free boundary condtion loss: 9.72382863691004e-09
x-direction PDE residual loss: 2.053087130243303e-09
y-direction PDE residual loss: 1.999078174005537e-09
Best L2 relative error: 1.6460970640182495
x-direction prescribed displacement loss 5.1811289821290796e-05
y-direction prescribed displacement loss: 1.7004481089280543e-05
hole prescribed displacement loss 1.0160575897755209e-05
free boundary condtion loss: 1.0226623422306949e-08
x-direction PDE residual loss: 2.4823921061654697e-09
y-direction PDE residual loss: 1.382294174547272e-09
Best L2 relative error: 1.3074450492858887
x-direction prescribed displacement loss 5.176457419274472e-05
y-direction prescribed displacement loss: 1.697069374132637e-05
hole prescribed displacement loss 1.0133813930446323e-05
free boundary condtion loss: 9.204409094135915e-09
x-direction PDE residual loss: 2.1762751316994065e-09
y-direction PDE residual loss: 1.5702607303569351e-09
Best L2 relative error on test loader: 0.8903899312019348
