---------------- Environment Info ----------------
CUDA Version: nvcc: NVIDIA (R) Cuda compiler driver
Copyright (c) 2005-2023 NVIDIA Corporation
Built on Tue_Aug_15_22:02:13_PDT_2023
Cuda compilation tools, release 12.2, V12.2.140
Build cuda_12.2.r12.2/compiler.33191640_0
Python Version: Python 3.12.4
GPU Device: GPU 0: NVIDIA H100 80GB HBM3 (UUID: GPU-88a431f4-16e7-445a-0984-19d7aef0191f)
Model forward phase: train
Using dataset: Dataset_Rectangle
Using model: DCON
ux shape: (2000, 3797)
uy shape: (2000, 3797)
coor shape: (3797, 2)
flag_BCxy shape: (3797, 1)
flag_BCy shape: (3797, 1)
flag_BC_load shape: (3797, 1)
f_bc shape: (2000, 101)
training configuration
batchsize: 10
coordinate sampling frequency: 3
learning rate: 0.0001
BC weight 10
Number of PDE points: 3557
Best L2 relative error: 0.7078397274017334
x-direction prescribed displacement loss inf
y-direction prescribed displacement loss: inf
hole prescribed displacement loss inf
free boundary condtion loss: inf
x-direction PDE residual loss: inf
y-direction PDE residual loss: inf
Best L2 relative error: 0.7177969813346863
x-direction prescribed displacement loss 2.3444964367957954e-05
y-direction prescribed displacement loss: 3.926150265502748e-05
hole prescribed displacement loss 3.9497878568661715e-05
free boundary condtion loss: 8.455004106236062e-08
x-direction PDE residual loss: 1.4412567777633608e-08
y-direction PDE residual loss: 1.508342326056065e-08
Best L2 relative error: 0.7217724919319153
x-direction prescribed displacement loss 2.3404305968838246e-05
y-direction prescribed displacement loss: 3.8845797254015435e-05
hole prescribed displacement loss 3.970508510214854e-05
free boundary condtion loss: 7.412124795012909e-08
x-direction PDE residual loss: 1.3071050784289559e-08
y-direction PDE residual loss: 1.2534639164997214e-08
Best L2 relative error: 0.7262102365493774
x-direction prescribed displacement loss 2.339128199246865e-05
y-direction prescribed displacement loss: 3.856346152029955e-05
hole prescribed displacement loss 3.9840622310355345e-05
free boundary condtion loss: 7.347968657839266e-08
x-direction PDE residual loss: 1.2853505772079553e-08
y-direction PDE residual loss: 1.310447827640069e-08
Best L2 relative error: 0.7620822191238403
x-direction prescribed displacement loss 2.336714769302084e-05
y-direction prescribed displacement loss: 3.832791575325567e-05
hole prescribed displacement loss 3.992628532961673e-05
free boundary condtion loss: 7.198367378883318e-08
x-direction PDE residual loss: 1.1937286789587796e-08
y-direction PDE residual loss: 1.253223164184177e-08
Best L2 relative error: 0.7458017468452454
x-direction prescribed displacement loss 2.33643095679803e-05
y-direction prescribed displacement loss: 3.816236637399495e-05
hole prescribed displacement loss 3.996342175455192e-05
free boundary condtion loss: 8.577158352296834e-08
x-direction PDE residual loss: 1.4359927735257028e-08
y-direction PDE residual loss: 1.3590174385369816e-08
Best L2 relative error: 0.7804266214370728
x-direction prescribed displacement loss 2.3336141486557382e-05
y-direction prescribed displacement loss: 3.7829965481177286e-05
hole prescribed displacement loss 4.013282429204956e-05
free boundary condtion loss: 6.623349568319259e-08
x-direction PDE residual loss: 1.0896042247651272e-08
y-direction PDE residual loss: 1.1503485586634326e-08
Best L2 relative error: 0.7132647633552551
x-direction prescribed displacement loss 2.3328025307800537e-05
y-direction prescribed displacement loss: 3.766977004358851e-05
hole prescribed displacement loss 4.017812236123408e-05
free boundary condtion loss: 7.537865726004941e-08
x-direction PDE residual loss: 1.1902355404261734e-08
y-direction PDE residual loss: 1.32678241099776e-08
Best L2 relative error: 0.7158937454223633
x-direction prescribed displacement loss 2.3298868557813934e-05
y-direction prescribed displacement loss: 3.7537030180667674e-05
hole prescribed displacement loss 4.026907937831892e-05
free boundary condtion loss: 6.796258176648999e-08
x-direction PDE residual loss: 1.2037346714939643e-08
y-direction PDE residual loss: 1.1747824398601083e-08
Best L2 relative error: 0.7258535027503967
x-direction prescribed displacement loss 2.3293781525324242e-05
y-direction prescribed displacement loss: 3.7418215239413966e-05
hole prescribed displacement loss 4.028570919764607e-05
free boundary condtion loss: 6.936661710700912e-08
x-direction PDE residual loss: 1.2164073635522973e-08
y-direction PDE residual loss: 1.266598991994986e-08
Best L2 relative error on test loader: 0.7083182972669602
