---------------- Environment Info ----------------
CUDA Version: nvcc: NVIDIA (R) Cuda compiler driver
Copyright (c) 2005-2023 NVIDIA Corporation
Built on Tue_Aug_15_22:02:13_PDT_2023
Cuda compilation tools, release 12.2, V12.2.140
Build cuda_12.2.r12.2/compiler.33191640_0
Python Version: Python 3.12.4
GPU Device: GPU 0: NVIDIA H100 80GB HBM3 (UUID: GPU-7925bc9b-9085-e244-4752-c0f188944a1d)
Model forward phase: train
Using dataset: Dataset_Rectangle
Using model: DCON
ux shape: (2000, 3797)
uy shape: (2000, 3797)
coor shape: (3797, 2)
flag_BCxy shape: (3797, 1)
flag_BCy shape: (3797, 1)
flag_BC_load shape: (3797, 1)
f_bc shape: (2000, 101)
training configuration
batchsize: 10
coordinate sampling frequency: 3
learning rate: 0.0001
BC weight 10
Number of PDE points: 3557
Best L2 relative error: 0.7330273389816284
x-direction prescribed displacement loss inf
y-direction prescribed displacement loss: inf
hole prescribed displacement loss inf
free boundary condtion loss: inf
x-direction PDE residual loss: inf
y-direction PDE residual loss: inf
Best L2 relative error: 0.8073334097862244
x-direction prescribed displacement loss 2.3570160386066075e-05
y-direction prescribed displacement loss: 4.116580381569035e-05
hole prescribed displacement loss 3.884421573807639e-05
free boundary condtion loss: 9.399956735439783e-08
x-direction PDE residual loss: 1.742963280425096e-08
y-direction PDE residual loss: 1.6044809523165404e-08
Best L2 relative error: 0.7214956283569336
x-direction prescribed displacement loss 2.3531074041294175e-05
y-direction prescribed displacement loss: 4.051949610102412e-05
hole prescribed displacement loss 3.906226202926577e-05
free boundary condtion loss: 8.518004671683073e-08
x-direction PDE residual loss: 1.5425125856263354e-08
y-direction PDE residual loss: 1.5979681628538068e-08
Best L2 relative error: 0.7469090819358826
x-direction prescribed displacement loss 2.3494019242953357e-05
y-direction prescribed displacement loss: 4.004960409163816e-05
hole prescribed displacement loss 3.925005437543927e-05
free boundary condtion loss: 8.168460451346126e-08
x-direction PDE residual loss: 1.4798770981477231e-08
y-direction PDE residual loss: 1.4026476594480018e-08
Best L2 relative error: 0.7078397274017334
x-direction prescribed displacement loss 2.347146309750192e-05
y-direction prescribed displacement loss: 3.962831632656205e-05
hole prescribed displacement loss 3.933651207965738e-05
free boundary condtion loss: 9.510719432457519e-08
x-direction PDE residual loss: 1.620972377898715e-08
y-direction PDE residual loss: 1.6489248690559422e-08
Best L2 relative error: 0.7353721261024475
x-direction prescribed displacement loss 2.343551567277058e-05
y-direction prescribed displacement loss: 3.9266832566026144e-05
hole prescribed displacement loss 3.9545252620065696e-05
free boundary condtion loss: 7.952045570126538e-08
x-direction PDE residual loss: 1.3967364372147292e-08
y-direction PDE residual loss: 1.3917150945712861e-08
Best L2 relative error: 0.7399337887763977
x-direction prescribed displacement loss 2.3410898589454332e-05
y-direction prescribed displacement loss: 3.8895304925040675e-05
hole prescribed displacement loss 3.965440010200716e-05
free boundary condtion loss: 8.165256447817707e-08
x-direction PDE residual loss: 1.2439914840123517e-08
y-direction PDE residual loss: 1.6019029870542167e-08
Best L2 relative error: 0.7727505564689636
x-direction prescribed displacement loss 2.338276253033289e-05
y-direction prescribed displacement loss: 3.8646683785587e-05
hole prescribed displacement loss 3.979993733876919e-05
free boundary condtion loss: 7.309294763256603e-08
x-direction PDE residual loss: 1.312415763537317e-08
y-direction PDE residual loss: 1.2365187690213382e-08
Best L2 relative error: 0.7344871163368225
x-direction prescribed displacement loss 2.3367399642537645e-05
y-direction prescribed displacement loss: 3.8352475410174947e-05
hole prescribed displacement loss 3.987383685136181e-05
free boundary condtion loss: 7.536150399794876e-08
x-direction PDE residual loss: 1.301934723353345e-08
y-direction PDE residual loss: 1.3056049733059635e-08
Best L2 relative error: 0.7386912107467651
x-direction prescribed displacement loss 2.335066727396362e-05
y-direction prescribed displacement loss: 3.807841707106907e-05
hole prescribed displacement loss 4.004548375602379e-05
free boundary condtion loss: 7.046866441160491e-08
x-direction PDE residual loss: 1.2007262459580947e-08
y-direction PDE residual loss: 1.1907269230646911e-08
Best L2 relative error on test loader: 0.7083182972669602
